<?xml version='1.0' encoding='UTF-8' ?>
<testsuite name="lava.api.app.challenges.Challenge01ApiAppColdStartTest" tests="1" failures="0" errors="0" skipped="0" time="3.023" timestamp="2026-06-26T09:27:52" hostname="localhost">
  <properties>
    <property name="device" value="sdk_gphone64_x86_64 - 14" />
    <property name="flavor" value="" />
    <property name="project" value=":api-app" />
  </properties>
  <testcase name="coldLaunch_rendersLandingScreen_withoutCrash" classname="lava.api.app.challenges.Challenge01ApiAppColdStartTest" time="2.281" />
</testsuite>