<?xml version='1.0' encoding='UTF-8' ?>
<testsuite name="lava.app.challenges.Challenge70AutonomousQaProviderMatrixTest" tests="1" failures="1" errors="0" skipped="0" time="44.591" timestamp="2026-07-03T08:51:57" hostname="localhost">
  <properties>
    <property name="device" value="sdk_gphone64_x86_64 - 14" />
    <property name="flavor" value="" />
    <property name="project" value=":app" />
  </properties>
  <testcase name="autonomousMatrix_onboard_search_topic_download" classname="lava.app.challenges.Challenge70AutonomousQaProviderMatrixTest" time="33.222">
    <failure>java.lang.IllegalStateException: Not implemented
at lava.network.impl.ProxyNetworkApi.download(ProxyNetworkApi.kt:141)
at lava.network.data.NetworkApiRepositoryImpl.download(NetworkApiRepositoryImpl.kt:142)
at lava.network.data.NetworkApiRepositoryImpl$download$1.invokeSuspend(Unknown Source:15)
at kotlin.coroutines.jvm.internal.BaseContinuationImpl.resumeWith(ContinuationImpl.kt:33)
at kotlinx.coroutines.DispatchedTask.run(DispatchedTask.kt:101)
at kotlinx.coroutines.scheduling.CoroutineScheduler.runSafely(CoroutineScheduler.kt:589)
at kotlinx.coroutines.scheduling.CoroutineScheduler$Worker.executeTask(CoroutineScheduler.kt:832)
at kotlinx.coroutines.scheduling.CoroutineScheduler$Worker.runWorker(CoroutineScheduler.kt:720)
at kotlinx.coroutines.scheduling.CoroutineScheduler$Worker.run(CoroutineScheduler.kt:707)
Suppressed: kotlinx.coroutines.internal.DiagnosticCoroutineContextException: [CoroutineName(orbit-intent-5), StandaloneCoroutine{Cancelling}&#64;633fc10, Dispatchers.Unconfined]
</failure>
  </testcase>
  <system-err>Test run failed to complete. Instrumentation run failed due to Process crashed.
Logcat of last crash: 
Process: digital.vasic.lava.client.dev, PID: 5258
java.lang.IllegalStateException: Not implemented
	at lava.network.impl.ProxyNetworkApi.download(ProxyNetworkApi.kt:141)
	at lava.network.data.NetworkApiRepositoryImpl.download(NetworkApiRepositoryImpl.kt:142)
	at lava.network.data.NetworkApiRepositoryImpl$download$1.invokeSuspend(Unknown Source:15)
	at kotlin.coroutines.jvm.internal.BaseContinuationImpl.resumeWith(ContinuationImpl.kt:33)
	at kotlinx.coroutines.DispatchedTask.run(DispatchedTask.kt:101)
	at kotlinx.coroutines.scheduling.CoroutineScheduler.runSafely(CoroutineScheduler.kt:589)
	at kotlinx.coroutines.scheduling.CoroutineScheduler$Worker.executeTask(CoroutineScheduler.kt:832)
	at kotlinx.coroutines.scheduling.CoroutineScheduler$Worker.runWorker(CoroutineScheduler.kt:720)
	at kotlinx.coroutines.scheduling.CoroutineScheduler$Worker.run(CoroutineScheduler.kt:707)
	Suppressed: kotlinx.coroutines.internal.DiagnosticCoroutineContextException: [CoroutineName(orbit-intent-5), StandaloneCoroutine{Cancelling}&#64;633fc10, Dispatchers.Unconfined]

</system-err>
</testsuite>