mode: atomic
digital.vasic.lava.apigo/cmd/healthprobe/main.go:30.13,37.16 6 0
digital.vasic.lava.apigo/cmd/healthprobe/main.go:37.16,40.3 2 0
digital.vasic.lava.apigo/cmd/healthprobe/main.go:41.2,41.35 1 0
digital.vasic.lava.apigo/cmd/healthprobe/main.go:41.35,44.3 2 0
digital.vasic.lava.apigo/cmd/healthprobe/main.go:45.2,45.53 1 0
digital.vasic.lava.apigo/cmd/healthprobe/main.go:53.75,65.16 6 3
digital.vasic.lava.apigo/cmd/healthprobe/main.go:65.16,67.3 1 1
digital.vasic.lava.apigo/cmd/healthprobe/main.go:68.2,69.29 2 2
digital.vasic.lava.apigo/cmd/lavaapi-cshared/main.go:48.35,49.16 1 0
digital.vasic.lava.apigo/cmd/lavaapi-cshared/main.go:49.16,51.3 1 0
digital.vasic.lava.apigo/cmd/lavaapi-cshared/main.go:52.2,52.31 1 0
digital.vasic.lava.apigo/cmd/lavaapi-cshared/main.go:60.47,62.2 1 0
digital.vasic.lava.apigo/cmd/lavaapi-cshared/main.go:69.28,71.2 1 0
digital.vasic.lava.apigo/cmd/lavaapi-cshared/main.go:77.30,79.2 1 0
digital.vasic.lava.apigo/cmd/lavaapi-cshared/main.go:86.29,87.14 1 0
digital.vasic.lava.apigo/cmd/lavaapi-cshared/main.go:87.14,89.3 1 0
digital.vasic.lava.apigo/cmd/lavaapi-cshared/main.go:94.14,94.15 0 0
digital.vasic.lava.apigo/internal/archiveorg/browse.go:14.100,15.14 1 3
digital.vasic.lava.apigo/internal/archiveorg/browse.go:15.14,17.3 1 0
digital.vasic.lava.apigo/internal/archiveorg/browse.go:18.2,25.16 7 3
digital.vasic.lava.apigo/internal/archiveorg/browse.go:25.16,27.3 1 0
digital.vasic.lava.apigo/internal/archiveorg/browse.go:29.2,30.50 2 3
digital.vasic.lava.apigo/internal/archiveorg/browse.go:30.50,32.3 1 0
digital.vasic.lava.apigo/internal/archiveorg/browse.go:34.2,35.37 2 3
digital.vasic.lava.apigo/internal/archiveorg/browse.go:35.37,40.23 2 2
digital.vasic.lava.apigo/internal/archiveorg/browse.go:40.23,42.4 1 0
digital.vasic.lava.apigo/internal/archiveorg/browse.go:43.3,43.25 1 2
digital.vasic.lava.apigo/internal/archiveorg/browse.go:43.25,45.4 1 0
digital.vasic.lava.apigo/internal/archiveorg/browse.go:46.3,46.24 1 2
digital.vasic.lava.apigo/internal/archiveorg/browse.go:46.24,48.4 1 0
digital.vasic.lava.apigo/internal/archiveorg/browse.go:49.3,49.25 1 2
digital.vasic.lava.apigo/internal/archiveorg/browse.go:49.25,51.4 1 1
digital.vasic.lava.apigo/internal/archiveorg/browse.go:52.3,52.20 1 2
digital.vasic.lava.apigo/internal/archiveorg/browse.go:52.20,54.4 1 0
digital.vasic.lava.apigo/internal/archiveorg/browse.go:55.3,55.30 1 2
digital.vasic.lava.apigo/internal/archiveorg/browse.go:58.2,59.34 2 3
digital.vasic.lava.apigo/internal/archiveorg/browse.go:59.34,61.3 1 2
digital.vasic.lava.apigo/internal/archiveorg/browse.go:62.2,62.20 1 3
digital.vasic.lava.apigo/internal/archiveorg/browse.go:62.20,64.3 1 1
digital.vasic.lava.apigo/internal/archiveorg/browse.go:66.2,70.8 1 3
digital.vasic.lava.apigo/internal/archiveorg/client.go:30.40,37.2 1 25
digital.vasic.lava.apigo/internal/archiveorg/client.go:41.90,43.16 2 14
digital.vasic.lava.apigo/internal/archiveorg/client.go:43.16,45.3 1 0
digital.vasic.lava.apigo/internal/archiveorg/client.go:46.2,46.18 1 14
digital.vasic.lava.apigo/internal/archiveorg/client.go:46.18,48.3 1 9
digital.vasic.lava.apigo/internal/archiveorg/client.go:50.2,51.16 2 14
digital.vasic.lava.apigo/internal/archiveorg/client.go:51.16,53.3 1 0
digital.vasic.lava.apigo/internal/archiveorg/client.go:54.2,57.16 3 14
digital.vasic.lava.apigo/internal/archiveorg/client.go:57.16,59.3 1 0
digital.vasic.lava.apigo/internal/archiveorg/client.go:60.2,62.38 2 14
digital.vasic.lava.apigo/internal/archiveorg/client.go:62.38,65.3 2 1
digital.vasic.lava.apigo/internal/archiveorg/client.go:67.2,67.30 1 13
digital.vasic.lava.apigo/internal/archiveorg/client.go:72.89,74.16 2 3
digital.vasic.lava.apigo/internal/archiveorg/client.go:74.16,76.3 1 0
digital.vasic.lava.apigo/internal/archiveorg/client.go:77.2,80.16 3 3
digital.vasic.lava.apigo/internal/archiveorg/client.go:80.16,82.3 1 0
digital.vasic.lava.apigo/internal/archiveorg/client.go:83.2,83.40 1 3
digital.vasic.lava.apigo/internal/archiveorg/client.go:87.63,90.2 2 0
digital.vasic.lava.apigo/internal/archiveorg/download.go:17.100,20.16 3 3
digital.vasic.lava.apigo/internal/archiveorg/download.go:20.16,22.3 1 0
digital.vasic.lava.apigo/internal/archiveorg/download.go:23.2,25.19 2 3
digital.vasic.lava.apigo/internal/archiveorg/download.go:25.19,28.3 2 1
digital.vasic.lava.apigo/internal/archiveorg/download.go:30.2,31.16 2 2
digital.vasic.lava.apigo/internal/archiveorg/download.go:31.16,33.3 1 0
digital.vasic.lava.apigo/internal/archiveorg/download.go:35.2,38.8 1 2
digital.vasic.lava.apigo/internal/archiveorg/provider.go:22.58,24.2 1 12
digital.vasic.lava.apigo/internal/archiveorg/provider.go:27.39,27.62 1 6
digital.vasic.lava.apigo/internal/archiveorg/provider.go:30.48,30.77 1 1
digital.vasic.lava.apigo/internal/archiveorg/provider.go:33.72,41.2 1 1
digital.vasic.lava.apigo/internal/archiveorg/provider.go:44.56,44.84 1 1
digital.vasic.lava.apigo/internal/archiveorg/provider.go:47.45,47.63 1 1
digital.vasic.lava.apigo/internal/archiveorg/provider.go:52.137,54.16 2 1
digital.vasic.lava.apigo/internal/archiveorg/provider.go:54.16,56.3 1 0
digital.vasic.lava.apigo/internal/archiveorg/provider.go:57.2,58.30 2 1
digital.vasic.lava.apigo/internal/archiveorg/provider.go:58.30,68.3 1 1
digital.vasic.lava.apigo/internal/archiveorg/provider.go:69.2,74.8 1 1
digital.vasic.lava.apigo/internal/archiveorg/provider.go:78.140,80.16 2 1
digital.vasic.lava.apigo/internal/archiveorg/provider.go:80.16,82.3 1 0
digital.vasic.lava.apigo/internal/archiveorg/provider.go:83.2,84.30 2 1
digital.vasic.lava.apigo/internal/archiveorg/provider.go:84.30,94.3 1 1
digital.vasic.lava.apigo/internal/archiveorg/provider.go:95.2,99.8 1 1
digital.vasic.lava.apigo/internal/archiveorg/provider.go:103.112,114.2 1 1
digital.vasic.lava.apigo/internal/archiveorg/provider.go:117.130,119.16 2 1
digital.vasic.lava.apigo/internal/archiveorg/provider.go:119.16,121.3 1 0
digital.vasic.lava.apigo/internal/archiveorg/provider.go:122.2,123.29 2 1
digital.vasic.lava.apigo/internal/archiveorg/provider.go:123.29,128.3 1 1
digital.vasic.lava.apigo/internal/archiveorg/provider.go:129.2,135.8 1 1
digital.vasic.lava.apigo/internal/archiveorg/provider.go:139.124,141.2 1 1
digital.vasic.lava.apigo/internal/archiveorg/provider.go:146.128,149.57 2 2
digital.vasic.lava.apigo/internal/archiveorg/provider.go:149.57,151.3 1 1
digital.vasic.lava.apigo/internal/archiveorg/provider.go:152.2,154.16 3 1
digital.vasic.lava.apigo/internal/archiveorg/provider.go:154.16,156.3 1 0
digital.vasic.lava.apigo/internal/archiveorg/provider.go:157.2,162.8 1 1
digital.vasic.lava.apigo/internal/archiveorg/provider.go:168.133,170.2 1 0
digital.vasic.lava.apigo/internal/archiveorg/provider.go:173.108,175.2 1 0
digital.vasic.lava.apigo/internal/archiveorg/provider.go:178.118,180.2 1 0
digital.vasic.lava.apigo/internal/archiveorg/provider.go:183.106,185.2 1 0
digital.vasic.lava.apigo/internal/archiveorg/provider.go:188.109,190.2 1 0
digital.vasic.lava.apigo/internal/archiveorg/provider.go:195.94,197.2 1 1
digital.vasic.lava.apigo/internal/archiveorg/provider.go:200.105,202.2 1 1
digital.vasic.lava.apigo/internal/archiveorg/provider.go:205.101,207.2 1 0
digital.vasic.lava.apigo/internal/archiveorg/provider.go:212.92,215.16 3 2
digital.vasic.lava.apigo/internal/archiveorg/provider.go:215.16,220.3 1 0
digital.vasic.lava.apigo/internal/archiveorg/provider.go:221.2,222.16 2 2
digital.vasic.lava.apigo/internal/archiveorg/provider.go:222.16,227.3 1 0
digital.vasic.lava.apigo/internal/archiveorg/provider.go:228.2,229.53 2 2
digital.vasic.lava.apigo/internal/archiveorg/provider.go:229.53,231.3 1 1
digital.vasic.lava.apigo/internal/archiveorg/provider.go:232.2,232.52 1 1
digital.vasic.lava.apigo/internal/archiveorg/provider.go:236.32,237.16 1 0
digital.vasic.lava.apigo/internal/archiveorg/provider.go:237.16,239.3 1 0
digital.vasic.lava.apigo/internal/archiveorg/provider.go:242.2,242.28 1 0
digital.vasic.lava.apigo/internal/archiveorg/search.go:52.93,53.14 1 5
digital.vasic.lava.apigo/internal/archiveorg/search.go:53.14,55.3 1 1
digital.vasic.lava.apigo/internal/archiveorg/search.go:56.2,64.16 8 5
digital.vasic.lava.apigo/internal/archiveorg/search.go:64.16,66.3 1 0
digital.vasic.lava.apigo/internal/archiveorg/search.go:68.2,69.50 2 5
digital.vasic.lava.apigo/internal/archiveorg/search.go:69.50,71.3 1 1
digital.vasic.lava.apigo/internal/archiveorg/search.go:73.2,74.37 2 4
digital.vasic.lava.apigo/internal/archiveorg/search.go:74.37,79.23 2 3
digital.vasic.lava.apigo/internal/archiveorg/search.go:79.23,81.4 1 1
digital.vasic.lava.apigo/internal/archiveorg/search.go:82.3,82.25 1 3
digital.vasic.lava.apigo/internal/archiveorg/search.go:82.25,84.4 1 1
digital.vasic.lava.apigo/internal/archiveorg/search.go:85.3,85.24 1 3
digital.vasic.lava.apigo/internal/archiveorg/search.go:85.24,87.4 1 1
digital.vasic.lava.apigo/internal/archiveorg/search.go:88.3,88.25 1 3
digital.vasic.lava.apigo/internal/archiveorg/search.go:88.25,90.4 1 1
digital.vasic.lava.apigo/internal/archiveorg/search.go:91.3,91.20 1 3
digital.vasic.lava.apigo/internal/archiveorg/search.go:91.20,93.4 1 1
digital.vasic.lava.apigo/internal/archiveorg/search.go:94.3,94.30 1 3
digital.vasic.lava.apigo/internal/archiveorg/search.go:97.2,98.34 2 4
digital.vasic.lava.apigo/internal/archiveorg/search.go:98.34,100.3 1 2
digital.vasic.lava.apigo/internal/archiveorg/search.go:101.2,101.20 1 4
digital.vasic.lava.apigo/internal/archiveorg/search.go:101.20,103.3 1 2
digital.vasic.lava.apigo/internal/archiveorg/search.go:105.2,109.8 1 4
digital.vasic.lava.apigo/internal/archiveorg/topic.go:49.86,51.16 2 3
digital.vasic.lava.apigo/internal/archiveorg/topic.go:51.16,53.3 1 0
digital.vasic.lava.apigo/internal/archiveorg/topic.go:55.2,56.50 2 3
digital.vasic.lava.apigo/internal/archiveorg/topic.go:56.50,58.3 1 0
digital.vasic.lava.apigo/internal/archiveorg/topic.go:60.2,64.32 2 3
digital.vasic.lava.apigo/internal/archiveorg/topic.go:64.32,66.3 1 2
digital.vasic.lava.apigo/internal/archiveorg/topic.go:67.2,67.36 1 3
digital.vasic.lava.apigo/internal/archiveorg/topic.go:67.36,69.3 1 1
digital.vasic.lava.apigo/internal/archiveorg/topic.go:70.2,70.29 1 3
digital.vasic.lava.apigo/internal/archiveorg/topic.go:70.29,72.3 1 1
digital.vasic.lava.apigo/internal/archiveorg/topic.go:73.2,73.34 1 3
digital.vasic.lava.apigo/internal/archiveorg/topic.go:73.34,75.3 1 1
digital.vasic.lava.apigo/internal/archiveorg/topic.go:77.2,78.29 2 3
digital.vasic.lava.apigo/internal/archiveorg/topic.go:78.29,80.20 2 3
digital.vasic.lava.apigo/internal/archiveorg/topic.go:80.20,82.4 1 1
digital.vasic.lava.apigo/internal/archiveorg/topic.go:83.3,83.22 1 3
digital.vasic.lava.apigo/internal/archiveorg/topic.go:83.22,85.4 1 2
digital.vasic.lava.apigo/internal/archiveorg/topic.go:86.3,86.22 1 3
digital.vasic.lava.apigo/internal/archiveorg/topic.go:86.22,88.4 1 0
digital.vasic.lava.apigo/internal/archiveorg/topic.go:89.3,89.28 1 3
digital.vasic.lava.apigo/internal/archiveorg/topic.go:91.2,93.21 2 3
digital.vasic.lava.apigo/internal/auth/backoff.go:32.86,34.30 2 5
digital.vasic.lava.apigo/internal/auth/backoff.go:34.30,38.14 4 5
digital.vasic.lava.apigo/internal/auth/backoff.go:38.14,40.19 2 3
digital.vasic.lava.apigo/internal/auth/backoff.go:40.19,42.5 1 0
digital.vasic.lava.apigo/internal/auth/backoff.go:43.4,48.10 3 3
digital.vasic.lava.apigo/internal/auth/backoff.go:50.3,50.11 1 2
digital.vasic.lava.apigo/internal/auth/backoff.go:58.67,60.16 2 5
digital.vasic.lava.apigo/internal/auth/backoff.go:60.16,66.3 1 0
digital.vasic.lava.apigo/internal/auth/backoff.go:67.2,68.16 2 5
digital.vasic.lava.apigo/internal/auth/backoff.go:68.16,70.3 1 0
digital.vasic.lava.apigo/internal/auth/backoff.go:71.2,71.28 1 5
digital.vasic.lava.apigo/internal/auth/backoff.go:71.28,72.22 1 2
digital.vasic.lava.apigo/internal/auth/backoff.go:72.22,74.17 2 1
digital.vasic.lava.apigo/internal/auth/backoff.go:74.17,77.5 2 1
digital.vasic.lava.apigo/internal/auth/backoff.go:80.2,80.15 1 4
digital.vasic.lava.apigo/internal/auth/backoff.go:85.42,87.22 2 5
digital.vasic.lava.apigo/internal/auth/backoff.go:87.22,89.14 2 2
digital.vasic.lava.apigo/internal/auth/backoff.go:89.14,90.12 1 0
digital.vasic.lava.apigo/internal/auth/backoff.go:92.3,93.17 2 2
digital.vasic.lava.apigo/internal/auth/backoff.go:93.17,94.12 1 0
digital.vasic.lava.apigo/internal/auth/backoff.go:96.3,96.23 1 2
digital.vasic.lava.apigo/internal/auth/backoff.go:98.2,98.12 1 5
digital.vasic.lava.apigo/internal/auth/middleware.go:47.74,55.30 7 8
digital.vasic.lava.apigo/internal/auth/middleware.go:55.30,57.16 2 8
digital.vasic.lava.apigo/internal/auth/middleware.go:57.16,60.4 2 2
digital.vasic.lava.apigo/internal/auth/middleware.go:61.3,62.35 2 6
digital.vasic.lava.apigo/internal/auth/middleware.go:62.35,66.4 3 1
digital.vasic.lava.apigo/internal/auth/middleware.go:68.3,70.23 2 5
digital.vasic.lava.apigo/internal/auth/middleware.go:70.23,72.4 1 80
digital.vasic.lava.apigo/internal/auth/middleware.go:74.3,74.58 1 5
digital.vasic.lava.apigo/internal/auth/middleware.go:74.58,79.4 4 2
digital.vasic.lava.apigo/internal/auth/middleware.go:81.3,81.59 1 3
digital.vasic.lava.apigo/internal/auth/middleware.go:81.59,89.4 2 2
digital.vasic.lava.apigo/internal/auth/middleware.go:92.3,93.81 2 1
digital.vasic.lava.apigo/internal/auth/middleware.go:101.77,105.22 4 8
digital.vasic.lava.apigo/internal/auth/middleware.go:105.22,107.14 2 4
digital.vasic.lava.apigo/internal/auth/middleware.go:107.14,110.4 2 4
digital.vasic.lava.apigo/internal/auth/middleware.go:112.2,112.30 1 8
digital.vasic.lava.apigo/internal/auth/middleware.go:118.47,122.2 3 9
digital.vasic.lava.apigo/internal/auth/middleware.go:128.51,130.2 1 4
digital.vasic.lava.apigo/internal/auth/multiprovider.go:35.55,36.18 1 8
digital.vasic.lava.apigo/internal/auth/multiprovider.go:36.18,38.3 1 1
digital.vasic.lava.apigo/internal/auth/multiprovider.go:42.2,42.36 1 7
digital.vasic.lava.apigo/internal/auth/multiprovider.go:42.36,50.3 1 2
digital.vasic.lava.apigo/internal/auth/multiprovider.go:52.2,53.20 2 5
digital.vasic.lava.apigo/internal/auth/multiprovider.go:53.20,55.3 1 0
digital.vasic.lava.apigo/internal/auth/multiprovider.go:57.2,60.21 4 5
digital.vasic.lava.apigo/internal/auth/multiprovider.go:60.21,62.3 1 4
digital.vasic.lava.apigo/internal/auth/multiprovider.go:64.2,65.18 2 5
digital.vasic.lava.apigo/internal/auth/multiprovider.go:66.16,67.32 1 1
digital.vasic.lava.apigo/internal/auth/multiprovider.go:68.15,69.26 1 1
digital.vasic.lava.apigo/internal/auth/multiprovider.go:70.16,71.27 1 1
digital.vasic.lava.apigo/internal/auth/multiprovider.go:72.18,75.24 2 1
digital.vasic.lava.apigo/internal/auth/multiprovider.go:75.24,78.4 2 1
digital.vasic.lava.apigo/internal/auth/multiprovider.go:79.14,79.14 0 1
digital.vasic.lava.apigo/internal/auth/multiprovider.go:83.2,86.3 1 5
digital.vasic.lava.apigo/internal/auth/multiprovider.go:90.62,93.2 2 0
digital.vasic.lava.apigo/internal/auth/passthrough.go:29.40,31.15 2 10
digital.vasic.lava.apigo/internal/auth/passthrough.go:31.15,33.3 1 3
digital.vasic.lava.apigo/internal/auth/passthrough.go:34.2,35.35 2 7
digital.vasic.lava.apigo/internal/auth/passthrough.go:65.45,67.15 2 7
digital.vasic.lava.apigo/internal/auth/passthrough.go:67.15,69.3 1 2
digital.vasic.lava.apigo/internal/auth/passthrough.go:73.2,73.32 1 5
digital.vasic.lava.apigo/internal/auth/passthrough.go:73.32,75.3 1 3
digital.vasic.lava.apigo/internal/auth/passthrough.go:79.2,79.28 1 2
digital.vasic.lava.apigo/internal/auth/passthrough.go:84.38,85.30 1 2
digital.vasic.lava.apigo/internal/auth/passthrough.go:85.30,88.3 2 2
digital.vasic.lava.apigo/internal/auth/passthrough.go:92.45,96.2 3 3
digital.vasic.lava.apigo/internal/cache/cache.go:19.124,21.26 2 8
digital.vasic.lava.apigo/internal/cache/cache.go:21.26,23.3 1 4
digital.vasic.lava.apigo/internal/cache/cache.go:24.2,26.29 3 8
digital.vasic.lava.apigo/internal/cache/cache.go:26.29,28.3 1 4
digital.vasic.lava.apigo/internal/cache/cache.go:29.2,30.23 2 8
digital.vasic.lava.apigo/internal/cache/cache.go:30.23,32.3 1 4
digital.vasic.lava.apigo/internal/cache/cache.go:33.2,35.30 3 8
digital.vasic.lava.apigo/internal/cache/cache.go:35.30,37.19 2 4
digital.vasic.lava.apigo/internal/cache/cache.go:37.19,38.12 1 0
digital.vasic.lava.apigo/internal/cache/cache.go:42.3,44.69 3 4
digital.vasic.lava.apigo/internal/cache/cache.go:46.2,46.25 1 8
digital.vasic.lava.apigo/internal/cache/cache.go:46.25,48.3 1 3
digital.vasic.lava.apigo/internal/cache/cache.go:49.2,57.35 3 8
digital.vasic.lava.apigo/internal/cache/cache.go:77.41,77.73 1 0
digital.vasic.lava.apigo/internal/cache/cache.go:82.80,84.16 2 0
digital.vasic.lava.apigo/internal/cache/cache.go:84.16,86.3 1 0
digital.vasic.lava.apigo/internal/cache/cache.go:87.2,87.14 1 0
digital.vasic.lava.apigo/internal/cache/cache.go:87.14,89.3 1 0
digital.vasic.lava.apigo/internal/cache/cache.go:90.2,90.27 1 0
digital.vasic.lava.apigo/internal/cache/cache.go:94.94,96.2 1 0
digital.vasic.lava.apigo/internal/cache/cache.go:99.68,101.2 1 0
digital.vasic.lava.apigo/internal/config/config.go:87.30,115.29 3 13
digital.vasic.lava.apigo/internal/config/config.go:115.29,117.3 1 1
digital.vasic.lava.apigo/internal/config/config.go:119.2,120.21 2 12
digital.vasic.lava.apigo/internal/config/config.go:120.21,122.3 1 1
digital.vasic.lava.apigo/internal/config/config.go:123.2,124.16 2 11
digital.vasic.lava.apigo/internal/config/config.go:124.16,126.3 1 1
digital.vasic.lava.apigo/internal/config/config.go:127.2,127.22 1 10
digital.vasic.lava.apigo/internal/config/config.go:127.22,129.3 1 1
digital.vasic.lava.apigo/internal/config/config.go:130.2,133.16 3 9
digital.vasic.lava.apigo/internal/config/config.go:133.16,135.3 1 0
digital.vasic.lava.apigo/internal/config/config.go:136.2,137.16 2 9
digital.vasic.lava.apigo/internal/config/config.go:137.16,139.3 1 0
digital.vasic.lava.apigo/internal/config/config.go:141.2,143.16 3 9
digital.vasic.lava.apigo/internal/config/config.go:143.16,145.3 1 0
digital.vasic.lava.apigo/internal/config/config.go:147.2,163.28 9 9
digital.vasic.lava.apigo/internal/config/config.go:164.23,165.22 1 6
digital.vasic.lava.apigo/internal/config/config.go:165.22,167.4 1 2
digital.vasic.lava.apigo/internal/config/config.go:168.21,169.27 1 2
digital.vasic.lava.apigo/internal/config/config.go:169.27,171.4 1 1
digital.vasic.lava.apigo/internal/config/config.go:172.10,174.55 1 1
digital.vasic.lava.apigo/internal/config/config.go:176.2,176.51 1 5
digital.vasic.lava.apigo/internal/config/config.go:176.51,178.3 1 1
digital.vasic.lava.apigo/internal/config/config.go:179.2,179.22 1 4
digital.vasic.lava.apigo/internal/config/config.go:179.22,181.3 1 0
digital.vasic.lava.apigo/internal/config/config.go:182.2,182.47 1 4
digital.vasic.lava.apigo/internal/config/config.go:182.47,184.3 1 1
digital.vasic.lava.apigo/internal/config/config.go:185.2,185.17 1 3
digital.vasic.lava.apigo/internal/config/config.go:188.41,189.34 1 100
digital.vasic.lava.apigo/internal/config/config.go:189.34,191.3 1 7
digital.vasic.lava.apigo/internal/config/config.go:192.2,192.12 1 93
digital.vasic.lava.apigo/internal/config/config.go:195.38,196.34 1 31
digital.vasic.lava.apigo/internal/config/config.go:196.34,197.44 1 1
digital.vasic.lava.apigo/internal/config/config.go:197.44,199.4 1 1
digital.vasic.lava.apigo/internal/config/config.go:201.2,201.12 1 30
digital.vasic.lava.apigo/internal/config/config.go:204.63,205.34 1 39
digital.vasic.lava.apigo/internal/config/config.go:205.34,206.50 1 0
digital.vasic.lava.apigo/internal/config/config.go:206.50,208.4 1 0
digital.vasic.lava.apigo/internal/config/config.go:210.2,210.12 1 39
digital.vasic.lava.apigo/internal/config/config.go:216.77,218.15 2 26
digital.vasic.lava.apigo/internal/config/config.go:218.15,220.3 1 19
digital.vasic.lava.apigo/internal/config/config.go:221.2,221.48 1 7
digital.vasic.lava.apigo/internal/config/config.go:221.48,223.18 2 8
digital.vasic.lava.apigo/internal/config/config.go:223.18,224.12 1 0
digital.vasic.lava.apigo/internal/config/config.go:226.3,227.16 2 8
digital.vasic.lava.apigo/internal/config/config.go:227.16,229.4 1 1
digital.vasic.lava.apigo/internal/config/config.go:230.3,233.17 4 7
digital.vasic.lava.apigo/internal/config/config.go:233.17,235.4 1 1
digital.vasic.lava.apigo/internal/config/config.go:236.3,239.28 3 6
digital.vasic.lava.apigo/internal/config/config.go:239.28,241.4 1 96
digital.vasic.lava.apigo/internal/config/config.go:242.3,242.45 1 6
digital.vasic.lava.apigo/internal/config/config.go:244.2,244.17 1 5
digital.vasic.lava.apigo/internal/config/config.go:248.42,250.25 2 10
digital.vasic.lava.apigo/internal/config/config.go:250.25,252.3 1 2
digital.vasic.lava.apigo/internal/config/config.go:253.2,254.26 2 8
digital.vasic.lava.apigo/internal/config/config.go:254.26,256.17 2 113
digital.vasic.lava.apigo/internal/config/config.go:256.17,258.4 1 1
digital.vasic.lava.apigo/internal/config/config.go:259.3,259.19 1 112
digital.vasic.lava.apigo/internal/config/config.go:261.2,261.17 1 7
digital.vasic.lava.apigo/internal/config/config.go:274.61,275.34 1 14
digital.vasic.lava.apigo/internal/config/config.go:275.34,277.3 1 2
digital.vasic.lava.apigo/internal/config/config.go:278.2,281.26 4 12
digital.vasic.lava.apigo/internal/config/config.go:281.26,284.17 3 60
digital.vasic.lava.apigo/internal/config/config.go:284.17,286.4 1 1
digital.vasic.lava.apigo/internal/config/config.go:287.3,287.15 1 59
digital.vasic.lava.apigo/internal/config/config.go:287.15,289.4 1 1
digital.vasic.lava.apigo/internal/config/config.go:290.3,291.23 2 58
digital.vasic.lava.apigo/internal/config/config.go:293.2,293.17 1 10
digital.vasic.lava.apigo/internal/config/config.go:297.34,298.13 1 11
digital.vasic.lava.apigo/internal/config/config.go:298.13,300.3 1 10
digital.vasic.lava.apigo/internal/config/config.go:301.2,302.21 2 1
digital.vasic.lava.apigo/internal/config/config.go:302.21,304.3 1 3
digital.vasic.lava.apigo/internal/config/config.go:305.2,305.12 1 1
digital.vasic.lava.apigo/internal/config/config.go:318.41,320.13 2 40
digital.vasic.lava.apigo/internal/config/config.go:320.13,322.3 1 37
digital.vasic.lava.apigo/internal/config/config.go:323.2,324.16 2 3
digital.vasic.lava.apigo/internal/config/config.go:324.16,330.3 2 1
digital.vasic.lava.apigo/internal/config/config.go:331.2,331.10 1 2
digital.vasic.lava.apigo/cmd/lava-api-go/main.go:63.13,69.11 5 0
digital.vasic.lava.apigo/cmd/lava-api-go/main.go:69.11,72.3 2 0
digital.vasic.lava.apigo/cmd/lava-api-go/main.go:73.2,73.18 1 0
digital.vasic.lava.apigo/cmd/lava-api-go/main.go:73.18,76.3 2 0
digital.vasic.lava.apigo/cmd/lava-api-go/main.go:78.2,78.30 1 0
digital.vasic.lava.apigo/cmd/lava-api-go/main.go:78.30,81.3 2 0
digital.vasic.lava.apigo/cmd/lava-api-go/main.go:86.18,88.16 2 0
digital.vasic.lava.apigo/cmd/lava-api-go/main.go:88.16,90.3 1 0
digital.vasic.lava.apigo/cmd/lava-api-go/main.go:92.2,108.16 7 0
digital.vasic.lava.apigo/cmd/lava-api-go/main.go:108.16,113.3 2 0
digital.vasic.lava.apigo/cmd/lava-api-go/main.go:120.2,121.16 2 0
digital.vasic.lava.apigo/cmd/lava-api-go/main.go:121.16,123.3 1 0
digital.vasic.lava.apigo/cmd/lava-api-go/main.go:124.2,124.15 1 0
digital.vasic.lava.apigo/cmd/lava-api-go/main.go:124.15,124.36 1 0
digital.vasic.lava.apigo/cmd/lava-api-go/main.go:125.2,148.27 11 0
digital.vasic.lava.apigo/cmd/lava-api-go/main.go:148.27,150.3 1 0
digital.vasic.lava.apigo/cmd/lava-api-go/main.go:150.8,152.3 1 0
digital.vasic.lava.apigo/cmd/lava-api-go/main.go:159.2,174.16 4 0
digital.vasic.lava.apigo/cmd/lava-api-go/main.go:174.16,176.3 1 0
digital.vasic.lava.apigo/cmd/lava-api-go/main.go:178.2,185.16 2 0
digital.vasic.lava.apigo/cmd/lava-api-go/main.go:185.16,187.3 1 0
digital.vasic.lava.apigo/cmd/lava-api-go/main.go:189.2,190.20 2 0
digital.vasic.lava.apigo/cmd/lava-api-go/main.go:190.20,192.3 1 0
digital.vasic.lava.apigo/cmd/lava-api-go/main.go:192.8,194.3 1 0
digital.vasic.lava.apigo/cmd/lava-api-go/main.go:196.2,197.12 2 0
digital.vasic.lava.apigo/cmd/lava-api-go/main.go:197.12,199.58 2 0
digital.vasic.lava.apigo/cmd/lava-api-go/main.go:199.58,202.4 2 0
digital.vasic.lava.apigo/cmd/lava-api-go/main.go:203.3,203.20 1 0
digital.vasic.lava.apigo/cmd/lava-api-go/main.go:205.2,210.9 4 0
digital.vasic.lava.apigo/cmd/lava-api-go/main.go:211.22,212.86 1 0
digital.vasic.lava.apigo/cmd/lava-api-go/main.go:213.27,214.17 1 0
digital.vasic.lava.apigo/cmd/lava-api-go/main.go:214.17,216.4 1 0
digital.vasic.lava.apigo/cmd/lava-api-go/main.go:219.2,219.24 1 0
digital.vasic.lava.apigo/cmd/lava-api-go/main.go:219.24,221.3 1 0
digital.vasic.lava.apigo/cmd/lava-api-go/main.go:223.2,225.50 3 0
digital.vasic.lava.apigo/cmd/lava-api-go/main.go:225.50,227.3 1 0
digital.vasic.lava.apigo/cmd/lava-api-go/main.go:229.2,229.19 1 0
digital.vasic.lava.apigo/cmd/lava-api-go/main.go:229.19,230.54 1 0
digital.vasic.lava.apigo/cmd/lava-api-go/main.go:230.54,232.4 1 0
digital.vasic.lava.apigo/cmd/lava-api-go/main.go:235.2,236.12 2 0
digital.vasic.lava.apigo/cmd/lava-api-go/main.go:243.67,245.16 2 0
digital.vasic.lava.apigo/cmd/lava-api-go/main.go:245.16,247.3 1 0
digital.vasic.lava.apigo/cmd/lava-api-go/main.go:248.2,252.8 1 0
digital.vasic.lava.apigo/cmd/lava-api-go/main.go:255.43,256.34 1 0
digital.vasic.lava.apigo/cmd/lava-api-go/main.go:256.34,258.3 1 0
digital.vasic.lava.apigo/cmd/lava-api-go/main.go:259.2,259.12 1 0
digital.vasic.lava.apigo/cmd/lava-api-go/main.go:262.18,285.2 1 0
digital.vasic.lava.apigo/internal/discovery/mdns.go:58.81,59.20 1 3
digital.vasic.lava.apigo/internal/discovery/mdns.go:59.20,61.3 1 0
digital.vasic.lava.apigo/internal/discovery/mdns.go:62.2,62.23 1 3
digital.vasic.lava.apigo/internal/discovery/mdns.go:62.23,64.3 1 0
digital.vasic.lava.apigo/internal/discovery/mdns.go:65.2,65.15 1 3
digital.vasic.lava.apigo/internal/discovery/mdns.go:65.15,67.3 1 0
digital.vasic.lava.apigo/internal/discovery/mdns.go:68.2,80.4 1 3
digital.vasic.lava.apigo/internal/firebase/firebase.go:70.29,72.19 2 5
digital.vasic.lava.apigo/internal/firebase/firebase.go:72.19,74.3 1 0
digital.vasic.lava.apigo/internal/firebase/firebase.go:76.2,77.20 2 5
digital.vasic.lava.apigo/internal/firebase/firebase.go:77.20,79.3 1 2
digital.vasic.lava.apigo/internal/firebase/firebase.go:81.2,81.20 1 5
digital.vasic.lava.apigo/internal/firebase/firebase.go:81.20,84.3 2 2
digital.vasic.lava.apigo/internal/firebase/firebase.go:85.2,85.45 1 3
digital.vasic.lava.apigo/internal/firebase/firebase.go:85.45,89.3 2 1
digital.vasic.lava.apigo/internal/firebase/firebase.go:91.2,95.3 1 2
digital.vasic.lava.apigo/internal/firebase/firebase.go:106.95,112.2 2 1
digital.vasic.lava.apigo/internal/firebase/firebase.go:114.99,120.2 2 1
digital.vasic.lava.apigo/internal/firebase/firebase.go:122.40,122.56 1 3
digital.vasic.lava.apigo/internal/firebase/firebase.go:143.98,149.2 2 0
digital.vasic.lava.apigo/internal/firebase/firebase.go:151.102,152.16 1 1
digital.vasic.lava.apigo/internal/firebase/firebase.go:152.16,154.3 1 1
digital.vasic.lava.apigo/internal/firebase/firebase.go:155.2,159.12 2 0
digital.vasic.lava.apigo/internal/firebase/firebase.go:162.41,162.56 1 2
digital.vasic.lava.apigo/internal/firebase/firebase.go:168.37,169.14 1 3
digital.vasic.lava.apigo/internal/firebase/firebase.go:169.14,171.3 1 1
digital.vasic.lava.apigo/internal/firebase/firebase.go:172.2,172.20 1 2
digital.vasic.lava.apigo/internal/firebase/firebase.go:172.20,174.3 1 1
digital.vasic.lava.apigo/internal/firebase/firebase.go:175.2,175.74 1 1
digital.vasic.lava.apigo/internal/gen/server/api.gen.go:29.58,30.11 1 0
digital.vasic.lava.apigo/internal/gen/server/api.gen.go:31.23,32.14 1 0
digital.vasic.lava.apigo/internal/gen/server/api.gen.go:33.10,34.15 1 0
digital.vasic.lava.apigo/internal/gen/server/api.gen.go:44.61,45.11 1 0
digital.vasic.lava.apigo/internal/gen/server/api.gen.go:46.26,47.14 1 0
digital.vasic.lava.apigo/internal/gen/server/api.gen.go:48.10,49.15 1 0
digital.vasic.lava.apigo/internal/gen/server/api.gen.go:59.50,60.11 1 0
digital.vasic.lava.apigo/internal/gen/server/api.gen.go:61.15,62.14 1 0
digital.vasic.lava.apigo/internal/gen/server/api.gen.go:63.10,64.15 1 0
digital.vasic.lava.apigo/internal/gen/server/api.gen.go:74.55,75.11 1 0
digital.vasic.lava.apigo/internal/gen/server/api.gen.go:76.20,77.14 1 0
digital.vasic.lava.apigo/internal/gen/server/api.gen.go:78.10,79.15 1 0
digital.vasic.lava.apigo/internal/gen/server/api.gen.go:89.41,90.11 1 0
digital.vasic.lava.apigo/internal/gen/server/api.gen.go:91.11,92.14 1 0
digital.vasic.lava.apigo/internal/gen/server/api.gen.go:93.10,94.15 1 0
digital.vasic.lava.apigo/internal/gen/server/api.gen.go:104.42,105.11 1 0
digital.vasic.lava.apigo/internal/gen/server/api.gen.go:106.12,107.14 1 0
digital.vasic.lava.apigo/internal/gen/server/api.gen.go:108.10,109.15 1 0
digital.vasic.lava.apigo/internal/gen/server/api.gen.go:119.53,120.11 1 0
digital.vasic.lava.apigo/internal/gen/server/api.gen.go:121.20,122.14 1 0
digital.vasic.lava.apigo/internal/gen/server/api.gen.go:123.10,124.15 1 0
digital.vasic.lava.apigo/internal/gen/server/api.gen.go:134.46,135.11 1 0
digital.vasic.lava.apigo/internal/gen/server/api.gen.go:136.13,137.14 1 0
digital.vasic.lava.apigo/internal/gen/server/api.gen.go:138.10,139.15 1 0
digital.vasic.lava.apigo/internal/gen/server/api.gen.go:149.48,150.11 1 0
digital.vasic.lava.apigo/internal/gen/server/api.gen.go:151.15,152.14 1 0
digital.vasic.lava.apigo/internal/gen/server/api.gen.go:153.10,154.15 1 0
digital.vasic.lava.apigo/internal/gen/server/api.gen.go:167.49,168.11 1 0
digital.vasic.lava.apigo/internal/gen/server/api.gen.go:169.14,170.14 1 0
digital.vasic.lava.apigo/internal/gen/server/api.gen.go:171.15,172.14 1 0
digital.vasic.lava.apigo/internal/gen/server/api.gen.go:173.12,174.14 1 0
digital.vasic.lava.apigo/internal/gen/server/api.gen.go:175.13,176.14 1 0
digital.vasic.lava.apigo/internal/gen/server/api.gen.go:177.10,178.15 1 0
digital.vasic.lava.apigo/internal/gen/server/api.gen.go:188.44,189.11 1 0
digital.vasic.lava.apigo/internal/gen/server/api.gen.go:190.13,191.14 1 0
digital.vasic.lava.apigo/internal/gen/server/api.gen.go:192.10,193.15 1 0
digital.vasic.lava.apigo/internal/gen/server/api.gen.go:203.43,204.11 1 0
digital.vasic.lava.apigo/internal/gen/server/api.gen.go:205.12,206.14 1 0
digital.vasic.lava.apigo/internal/gen/server/api.gen.go:207.10,208.15 1 0
digital.vasic.lava.apigo/internal/gen/server/api.gen.go:218.42,219.11 1 0
digital.vasic.lava.apigo/internal/gen/server/api.gen.go:220.11,221.14 1 0
digital.vasic.lava.apigo/internal/gen/server/api.gen.go:222.10,223.15 1 0
digital.vasic.lava.apigo/internal/gen/server/api.gen.go:233.41,234.11 1 0
digital.vasic.lava.apigo/internal/gen/server/api.gen.go:235.10,236.14 1 0
digital.vasic.lava.apigo/internal/gen/server/api.gen.go:237.10,238.15 1 0
digital.vasic.lava.apigo/internal/gen/server/api.gen.go:248.43,249.11 1 0
digital.vasic.lava.apigo/internal/gen/server/api.gen.go:250.12,251.14 1 0
digital.vasic.lava.apigo/internal/gen/server/api.gen.go:252.10,253.15 1 0
digital.vasic.lava.apigo/internal/gen/server/api.gen.go:263.44,264.11 1 0
digital.vasic.lava.apigo/internal/gen/server/api.gen.go:265.13,266.14 1 0
digital.vasic.lava.apigo/internal/gen/server/api.gen.go:267.10,268.15 1 0
digital.vasic.lava.apigo/internal/gen/server/api.gen.go:278.46,279.11 1 0
digital.vasic.lava.apigo/internal/gen/server/api.gen.go:280.15,281.14 1 0
digital.vasic.lava.apigo/internal/gen/server/api.gen.go:282.10,283.15 1 0
digital.vasic.lava.apigo/internal/gen/server/api.gen.go:293.41,294.11 1 0
digital.vasic.lava.apigo/internal/gen/server/api.gen.go:295.10,296.14 1 0
digital.vasic.lava.apigo/internal/gen/server/api.gen.go:297.10,298.15 1 0
digital.vasic.lava.apigo/internal/gen/server/api.gen.go:308.44,309.11 1 0
digital.vasic.lava.apigo/internal/gen/server/api.gen.go:310.13,311.14 1 0
digital.vasic.lava.apigo/internal/gen/server/api.gen.go:312.10,313.15 1 0
digital.vasic.lava.apigo/internal/gen/server/api.gen.go:326.56,327.11 1 0
digital.vasic.lava.apigo/internal/gen/server/api.gen.go:328.14,329.14 1 0
digital.vasic.lava.apigo/internal/gen/server/api.gen.go:330.11,331.14 1 0
digital.vasic.lava.apigo/internal/gen/server/api.gen.go:332.13,333.14 1 0
digital.vasic.lava.apigo/internal/gen/server/api.gen.go:334.11,335.14 1 0
digital.vasic.lava.apigo/internal/gen/server/api.gen.go:336.10,337.15 1 0
digital.vasic.lava.apigo/internal/gen/server/api.gen.go:347.51,348.11 1 0
digital.vasic.lava.apigo/internal/gen/server/api.gen.go:349.20,350.14 1 0
digital.vasic.lava.apigo/internal/gen/server/api.gen.go:351.10,352.15 1 0
digital.vasic.lava.apigo/internal/gen/server/api.gen.go:362.45,363.11 1 0
digital.vasic.lava.apigo/internal/gen/server/api.gen.go:364.14,365.14 1 0
digital.vasic.lava.apigo/internal/gen/server/api.gen.go:366.10,367.15 1 0
digital.vasic.lava.apigo/internal/gen/server/api.gen.go:377.43,378.11 1 0
digital.vasic.lava.apigo/internal/gen/server/api.gen.go:379.12,380.14 1 0
digital.vasic.lava.apigo/internal/gen/server/api.gen.go:381.10,382.15 1 0
digital.vasic.lava.apigo/internal/gen/server/api.gen.go:392.43,393.11 1 0
digital.vasic.lava.apigo/internal/gen/server/api.gen.go:394.12,395.14 1 0
digital.vasic.lava.apigo/internal/gen/server/api.gen.go:396.10,397.15 1 0
digital.vasic.lava.apigo/internal/gen/server/api.gen.go:407.45,408.11 1 0
digital.vasic.lava.apigo/internal/gen/server/api.gen.go:409.14,410.14 1 0
digital.vasic.lava.apigo/internal/gen/server/api.gen.go:411.10,412.15 1 0
digital.vasic.lava.apigo/internal/gen/server/api.gen.go:422.44,423.11 1 0
digital.vasic.lava.apigo/internal/gen/server/api.gen.go:424.13,425.14 1 0
digital.vasic.lava.apigo/internal/gen/server/api.gen.go:426.10,427.15 1 0
digital.vasic.lava.apigo/internal/gen/server/api.gen.go:437.43,438.11 1 0
digital.vasic.lava.apigo/internal/gen/server/api.gen.go:439.31,440.14 1 0
digital.vasic.lava.apigo/internal/gen/server/api.gen.go:441.10,442.15 1 0
digital.vasic.lava.apigo/internal/gen/server/api.gen.go:452.46,453.11 1 0
digital.vasic.lava.apigo/internal/gen/server/api.gen.go:454.15,455.14 1 0
digital.vasic.lava.apigo/internal/gen/server/api.gen.go:456.10,457.15 1 0
digital.vasic.lava.apigo/internal/gen/server/api.gen.go:467.43,468.11 1 0
digital.vasic.lava.apigo/internal/gen/server/api.gen.go:469.12,470.14 1 0
digital.vasic.lava.apigo/internal/gen/server/api.gen.go:471.10,472.15 1 0
digital.vasic.lava.apigo/internal/gen/server/api.gen.go:482.49,483.11 1 0
digital.vasic.lava.apigo/internal/gen/server/api.gen.go:484.18,485.14 1 0
digital.vasic.lava.apigo/internal/gen/server/api.gen.go:486.10,487.15 1 0
digital.vasic.lava.apigo/internal/gen/server/api.gen.go:502.39,503.11 1 0
digital.vasic.lava.apigo/internal/gen/server/api.gen.go:504.15,505.14 1 0
digital.vasic.lava.apigo/internal/gen/server/api.gen.go:506.17,507.14 1 0
digital.vasic.lava.apigo/internal/gen/server/api.gen.go:508.21,509.14 1 0
digital.vasic.lava.apigo/internal/gen/server/api.gen.go:510.20,511.14 1 0
digital.vasic.lava.apigo/internal/gen/server/api.gen.go:512.16,513.14 1 0
digital.vasic.lava.apigo/internal/gen/server/api.gen.go:514.13,515.14 1 0
digital.vasic.lava.apigo/internal/gen/server/api.gen.go:516.10,517.15 1 0
digital.vasic.lava.apigo/internal/gen/server/api.gen.go:528.42,529.11 1 0
digital.vasic.lava.apigo/internal/gen/server/api.gen.go:530.17,531.14 1 0
digital.vasic.lava.apigo/internal/gen/server/api.gen.go:532.18,533.14 1 0
digital.vasic.lava.apigo/internal/gen/server/api.gen.go:534.10,535.15 1 0
digital.vasic.lava.apigo/internal/gen/server/api.gen.go:550.41,551.11 1 0
digital.vasic.lava.apigo/internal/gen/server/api.gen.go:552.29,553.14 1 0
digital.vasic.lava.apigo/internal/gen/server/api.gen.go:554.35,555.14 1 0
digital.vasic.lava.apigo/internal/gen/server/api.gen.go:556.32,557.14 1 0
digital.vasic.lava.apigo/internal/gen/server/api.gen.go:558.30,559.14 1 0
digital.vasic.lava.apigo/internal/gen/server/api.gen.go:560.29,561.14 1 0
digital.vasic.lava.apigo/internal/gen/server/api.gen.go:562.30,563.14 1 0
digital.vasic.lava.apigo/internal/gen/server/api.gen.go:564.10,565.15 1 0
digital.vasic.lava.apigo/internal/gen/server/api.gen.go:582.40,583.11 1 0
digital.vasic.lava.apigo/internal/gen/server/api.gen.go:584.16,585.14 1 0
digital.vasic.lava.apigo/internal/gen/server/api.gen.go:586.16,587.14 1 0
digital.vasic.lava.apigo/internal/gen/server/api.gen.go:588.14,589.14 1 0
digital.vasic.lava.apigo/internal/gen/server/api.gen.go:590.16,591.14 1 0
digital.vasic.lava.apigo/internal/gen/server/api.gen.go:592.17,593.14 1 0
digital.vasic.lava.apigo/internal/gen/server/api.gen.go:594.16,595.14 1 0
digital.vasic.lava.apigo/internal/gen/server/api.gen.go:596.21,597.14 1 0
digital.vasic.lava.apigo/internal/gen/server/api.gen.go:598.19,599.14 1 0
digital.vasic.lava.apigo/internal/gen/server/api.gen.go:600.10,601.15 1 0
digital.vasic.lava.apigo/internal/gen/server/api.gen.go:1243.85,1247.2 3 0
digital.vasic.lava.apigo/internal/gen/server/api.gen.go:1250.86,1255.2 4 0
digital.vasic.lava.apigo/internal/gen/server/api.gen.go:1258.87,1261.16 3 0
digital.vasic.lava.apigo/internal/gen/server/api.gen.go:1261.16,1263.3 1 0
digital.vasic.lava.apigo/internal/gen/server/api.gen.go:1265.2,1267.12 3 0
digital.vasic.lava.apigo/internal/gen/server/api.gen.go:1271.95,1275.2 3 0
digital.vasic.lava.apigo/internal/gen/server/api.gen.go:1278.96,1283.2 4 0
digital.vasic.lava.apigo/internal/gen/server/api.gen.go:1286.97,1289.16 3 0
digital.vasic.lava.apigo/internal/gen/server/api.gen.go:1289.16,1291.3 1 0
digital.vasic.lava.apigo/internal/gen/server/api.gen.go:1293.2,1295.12 3 0
digital.vasic.lava.apigo/internal/gen/server/api.gen.go:1299.101,1303.2 3 0
digital.vasic.lava.apigo/internal/gen/server/api.gen.go:1306.102,1311.2 4 0
digital.vasic.lava.apigo/internal/gen/server/api.gen.go:1314.103,1317.16 3 0
digital.vasic.lava.apigo/internal/gen/server/api.gen.go:1317.16,1319.3 1 0
digital.vasic.lava.apigo/internal/gen/server/api.gen.go:1321.2,1323.12 3 0
digital.vasic.lava.apigo/internal/gen/server/api.gen.go:1327.107,1331.2 3 0
digital.vasic.lava.apigo/internal/gen/server/api.gen.go:1334.108,1339.2 4 0
digital.vasic.lava.apigo/internal/gen/server/api.gen.go:1342.109,1345.16 3 0
digital.vasic.lava.apigo/internal/gen/server/api.gen.go:1345.16,1347.3 1 0
digital.vasic.lava.apigo/internal/gen/server/api.gen.go:1349.2,1351.12 3 0
digital.vasic.lava.apigo/internal/gen/server/api.gen.go:1354.58,1360.2 3 0
digital.vasic.lava.apigo/internal/gen/server/api.gen.go:1362.70,1364.16 2 0
digital.vasic.lava.apigo/internal/gen/server/api.gen.go:1364.16,1366.3 1 0
digital.vasic.lava.apigo/internal/gen/server/api.gen.go:1367.2,1367.23 1 0
digital.vasic.lava.apigo/internal/gen/server/api.gen.go:1368.25,1369.46 1 0
digital.vasic.lava.apigo/internal/gen/server/api.gen.go:1370.28,1371.49 1 0
digital.vasic.lava.apigo/internal/gen/server/api.gen.go:1372.17,1373.38 1 0
digital.vasic.lava.apigo/internal/gen/server/api.gen.go:1374.22,1375.43 1 0
digital.vasic.lava.apigo/internal/gen/server/api.gen.go:1376.10,1377.74 1 0
digital.vasic.lava.apigo/internal/gen/server/api.gen.go:1381.56,1384.2 2 0
digital.vasic.lava.apigo/internal/gen/server/api.gen.go:1386.57,1389.2 2 0
digital.vasic.lava.apigo/internal/gen/server/api.gen.go:1392.62,1396.2 3 0
digital.vasic.lava.apigo/internal/gen/server/api.gen.go:1399.63,1404.2 4 0
digital.vasic.lava.apigo/internal/gen/server/api.gen.go:1407.64,1410.16 3 0
digital.vasic.lava.apigo/internal/gen/server/api.gen.go:1410.16,1412.3 1 0
digital.vasic.lava.apigo/internal/gen/server/api.gen.go:1414.2,1416.12 3 0
digital.vasic.lava.apigo/internal/gen/server/api.gen.go:1420.64,1424.2 3 0
digital.vasic.lava.apigo/internal/gen/server/api.gen.go:1427.65,1432.2 4 0
digital.vasic.lava.apigo/internal/gen/server/api.gen.go:1435.66,1438.16 3 0
digital.vasic.lava.apigo/internal/gen/server/api.gen.go:1438.16,1440.3 1 0
digital.vasic.lava.apigo/internal/gen/server/api.gen.go:1442.2,1444.12 3 0
digital.vasic.lava.apigo/internal/gen/server/api.gen.go:1447.53,1453.2 3 0
digital.vasic.lava.apigo/internal/gen/server/api.gen.go:1455.65,1457.16 2 0
digital.vasic.lava.apigo/internal/gen/server/api.gen.go:1457.16,1459.3 1 0
digital.vasic.lava.apigo/internal/gen/server/api.gen.go:1460.2,1460.23 1 0
digital.vasic.lava.apigo/internal/gen/server/api.gen.go:1461.13,1462.29 1 0
digital.vasic.lava.apigo/internal/gen/server/api.gen.go:1463.14,1464.30 1 0
digital.vasic.lava.apigo/internal/gen/server/api.gen.go:1465.10,1466.74 1 0
digital.vasic.lava.apigo/internal/gen/server/api.gen.go:1470.51,1473.2 2 0
digital.vasic.lava.apigo/internal/gen/server/api.gen.go:1475.52,1478.2 2 0
digital.vasic.lava.apigo/internal/gen/server/api.gen.go:1481.75,1485.2 3 0
digital.vasic.lava.apigo/internal/gen/server/api.gen.go:1488.76,1493.2 4 0
digital.vasic.lava.apigo/internal/gen/server/api.gen.go:1496.77,1499.16 3 0
digital.vasic.lava.apigo/internal/gen/server/api.gen.go:1499.16,1501.3 1 0
digital.vasic.lava.apigo/internal/gen/server/api.gen.go:1503.2,1505.12 3 0
digital.vasic.lava.apigo/internal/gen/server/api.gen.go:1509.79,1513.2 3 0
digital.vasic.lava.apigo/internal/gen/server/api.gen.go:1516.80,1521.2 4 0
digital.vasic.lava.apigo/internal/gen/server/api.gen.go:1524.81,1527.16 3 0
digital.vasic.lava.apigo/internal/gen/server/api.gen.go:1527.16,1529.3 1 0
digital.vasic.lava.apigo/internal/gen/server/api.gen.go:1531.2,1533.12 3 0
digital.vasic.lava.apigo/internal/gen/server/api.gen.go:1537.89,1541.2 3 0
digital.vasic.lava.apigo/internal/gen/server/api.gen.go:1544.90,1549.2 4 0
digital.vasic.lava.apigo/internal/gen/server/api.gen.go:1552.91,1555.16 3 0
digital.vasic.lava.apigo/internal/gen/server/api.gen.go:1555.16,1557.3 1 0
digital.vasic.lava.apigo/internal/gen/server/api.gen.go:1559.2,1561.12 3 0
digital.vasic.lava.apigo/internal/gen/server/api.gen.go:1564.56,1570.2 3 0
digital.vasic.lava.apigo/internal/gen/server/api.gen.go:1572.68,1574.16 2 0
digital.vasic.lava.apigo/internal/gen/server/api.gen.go:1574.16,1576.3 1 0
digital.vasic.lava.apigo/internal/gen/server/api.gen.go:1577.2,1577.23 1 0
digital.vasic.lava.apigo/internal/gen/server/api.gen.go:1578.22,1579.41 1 0
digital.vasic.lava.apigo/internal/gen/server/api.gen.go:1580.15,1581.34 1 0
digital.vasic.lava.apigo/internal/gen/server/api.gen.go:1582.17,1583.36 1 0
digital.vasic.lava.apigo/internal/gen/server/api.gen.go:1584.10,1585.74 1 0
digital.vasic.lava.apigo/internal/gen/server/api.gen.go:1589.54,1592.2 2 0
digital.vasic.lava.apigo/internal/gen/server/api.gen.go:1594.55,1597.2 2 0
digital.vasic.lava.apigo/internal/gen/server/api.gen.go:1600.70,1604.2 3 0
digital.vasic.lava.apigo/internal/gen/server/api.gen.go:1607.71,1612.2 4 0
digital.vasic.lava.apigo/internal/gen/server/api.gen.go:1615.72,1618.16 3 0
digital.vasic.lava.apigo/internal/gen/server/api.gen.go:1618.16,1620.3 1 0
digital.vasic.lava.apigo/internal/gen/server/api.gen.go:1622.2,1624.12 3 0
digital.vasic.lava.apigo/internal/gen/server/api.gen.go:1628.68,1632.2 3 0
digital.vasic.lava.apigo/internal/gen/server/api.gen.go:1635.69,1640.2 4 0
digital.vasic.lava.apigo/internal/gen/server/api.gen.go:1643.70,1646.16 3 0
digital.vasic.lava.apigo/internal/gen/server/api.gen.go:1646.16,1648.3 1 0
digital.vasic.lava.apigo/internal/gen/server/api.gen.go:1650.2,1652.12 3 0
digital.vasic.lava.apigo/internal/gen/server/api.gen.go:1656.72,1660.2 3 0
digital.vasic.lava.apigo/internal/gen/server/api.gen.go:1663.73,1668.2 4 0
digital.vasic.lava.apigo/internal/gen/server/api.gen.go:1671.74,1674.16 3 0
digital.vasic.lava.apigo/internal/gen/server/api.gen.go:1674.16,1676.3 1 0
digital.vasic.lava.apigo/internal/gen/server/api.gen.go:1678.2,1680.12 3 0
digital.vasic.lava.apigo/internal/gen/server/api.gen.go:1684.70,1688.2 3 0
digital.vasic.lava.apigo/internal/gen/server/api.gen.go:1691.71,1696.2 4 0
digital.vasic.lava.apigo/internal/gen/server/api.gen.go:1699.72,1702.16 3 0
digital.vasic.lava.apigo/internal/gen/server/api.gen.go:1702.16,1704.3 1 0
digital.vasic.lava.apigo/internal/gen/server/api.gen.go:1706.2,1708.12 3 0
digital.vasic.lava.apigo/internal/gen/server/api.gen.go:1712.72,1716.2 3 0
digital.vasic.lava.apigo/internal/gen/server/api.gen.go:1719.73,1724.2 4 0
digital.vasic.lava.apigo/internal/gen/server/api.gen.go:1727.74,1730.16 3 0
digital.vasic.lava.apigo/internal/gen/server/api.gen.go:1730.16,1732.3 1 0
digital.vasic.lava.apigo/internal/gen/server/api.gen.go:1734.2,1736.12 3 0
digital.vasic.lava.apigo/internal/gen/server/api.gen.go:1740.70,1744.2 3 0
digital.vasic.lava.apigo/internal/gen/server/api.gen.go:1747.71,1752.2 4 0
digital.vasic.lava.apigo/internal/gen/server/api.gen.go:1755.72,1758.16 3 0
digital.vasic.lava.apigo/internal/gen/server/api.gen.go:1758.16,1760.3 1 0
digital.vasic.lava.apigo/internal/gen/server/api.gen.go:1762.2,1764.12 3 0
digital.vasic.lava.apigo/internal/gen/server/api.gen.go:1768.74,1772.2 3 0
digital.vasic.lava.apigo/internal/gen/server/api.gen.go:1775.75,1780.2 4 0
digital.vasic.lava.apigo/internal/gen/server/api.gen.go:1783.76,1786.16 3 0
digital.vasic.lava.apigo/internal/gen/server/api.gen.go:1786.16,1788.3 1 0
digital.vasic.lava.apigo/internal/gen/server/api.gen.go:1790.2,1792.12 3 0
digital.vasic.lava.apigo/internal/gen/server/api.gen.go:1796.82,1800.2 3 0
digital.vasic.lava.apigo/internal/gen/server/api.gen.go:1803.83,1808.2 4 0
digital.vasic.lava.apigo/internal/gen/server/api.gen.go:1811.84,1814.16 3 0
digital.vasic.lava.apigo/internal/gen/server/api.gen.go:1814.16,1816.3 1 0
digital.vasic.lava.apigo/internal/gen/server/api.gen.go:1818.2,1820.12 3 0
digital.vasic.lava.apigo/internal/gen/server/api.gen.go:1824.76,1828.2 3 0
digital.vasic.lava.apigo/internal/gen/server/api.gen.go:1831.77,1836.2 4 0
digital.vasic.lava.apigo/internal/gen/server/api.gen.go:1839.78,1842.16 3 0
digital.vasic.lava.apigo/internal/gen/server/api.gen.go:1842.16,1844.3 1 0
digital.vasic.lava.apigo/internal/gen/server/api.gen.go:1846.2,1848.12 3 0
digital.vasic.lava.apigo/internal/gen/server/api.gen.go:1852.72,1856.2 3 0
digital.vasic.lava.apigo/internal/gen/server/api.gen.go:1859.73,1864.2 4 0
digital.vasic.lava.apigo/internal/gen/server/api.gen.go:1867.74,1870.16 3 0
digital.vasic.lava.apigo/internal/gen/server/api.gen.go:1870.16,1872.3 1 0
digital.vasic.lava.apigo/internal/gen/server/api.gen.go:1874.2,1876.12 3 0
digital.vasic.lava.apigo/internal/gen/server/api.gen.go:1880.70,1884.2 3 0
digital.vasic.lava.apigo/internal/gen/server/api.gen.go:1887.71,1892.2 4 0
digital.vasic.lava.apigo/internal/gen/server/api.gen.go:1895.72,1898.16 3 0
digital.vasic.lava.apigo/internal/gen/server/api.gen.go:1898.16,1900.3 1 0
digital.vasic.lava.apigo/internal/gen/server/api.gen.go:1902.2,1904.12 3 0
digital.vasic.lava.apigo/internal/gen/server/api.gen.go:1908.76,1912.2 3 0
digital.vasic.lava.apigo/internal/gen/server/api.gen.go:1915.77,1920.2 4 0
digital.vasic.lava.apigo/internal/gen/server/api.gen.go:1923.78,1926.16 3 0
digital.vasic.lava.apigo/internal/gen/server/api.gen.go:1926.16,1928.3 1 0
digital.vasic.lava.apigo/internal/gen/server/api.gen.go:1930.2,1932.12 3 0
digital.vasic.lava.apigo/internal/gen/server/api.gen.go:1936.72,1940.2 3 0
digital.vasic.lava.apigo/internal/gen/server/api.gen.go:1943.73,1948.2 4 0
digital.vasic.lava.apigo/internal/gen/server/api.gen.go:1951.74,1954.16 3 0
digital.vasic.lava.apigo/internal/gen/server/api.gen.go:1954.16,1956.3 1 0
digital.vasic.lava.apigo/internal/gen/server/api.gen.go:1958.2,1960.12 3 0
digital.vasic.lava.apigo/internal/gen/server/api.gen.go:1964.86,1968.2 3 0
digital.vasic.lava.apigo/internal/gen/server/api.gen.go:1971.87,1976.2 4 0
digital.vasic.lava.apigo/internal/gen/server/api.gen.go:1979.88,1982.16 3 0
digital.vasic.lava.apigo/internal/gen/server/api.gen.go:1982.16,1984.3 1 0
digital.vasic.lava.apigo/internal/gen/server/api.gen.go:1986.2,1988.12 3 0
digital.vasic.lava.apigo/internal/gen/server/api.gen.go:1992.70,1996.2 3 0
digital.vasic.lava.apigo/internal/gen/server/api.gen.go:1999.71,2004.2 4 0
digital.vasic.lava.apigo/internal/gen/server/api.gen.go:2007.72,2010.16 3 0
digital.vasic.lava.apigo/internal/gen/server/api.gen.go:2010.16,2012.3 1 0
digital.vasic.lava.apigo/internal/gen/server/api.gen.go:2014.2,2016.12 3 0
digital.vasic.lava.apigo/internal/gen/server/api.gen.go:2020.70,2024.2 3 0
digital.vasic.lava.apigo/internal/gen/server/api.gen.go:2027.71,2032.2 4 0
digital.vasic.lava.apigo/internal/gen/server/api.gen.go:2035.72,2038.16 3 0
digital.vasic.lava.apigo/internal/gen/server/api.gen.go:2038.16,2040.3 1 0
digital.vasic.lava.apigo/internal/gen/server/api.gen.go:2042.2,2044.12 3 0
digital.vasic.lava.apigo/internal/gen/server/api.gen.go:2048.66,2052.2 3 0
digital.vasic.lava.apigo/internal/gen/server/api.gen.go:2055.67,2060.2 4 0
digital.vasic.lava.apigo/internal/gen/server/api.gen.go:2063.68,2066.16 3 0
digital.vasic.lava.apigo/internal/gen/server/api.gen.go:2066.16,2068.3 1 0
digital.vasic.lava.apigo/internal/gen/server/api.gen.go:2070.2,2072.12 3 0
digital.vasic.lava.apigo/internal/gen/server/api.gen.go:2076.66,2080.2 3 0
digital.vasic.lava.apigo/internal/gen/server/api.gen.go:2083.67,2088.2 4 0
digital.vasic.lava.apigo/internal/gen/server/api.gen.go:2091.68,2094.16 3 0
digital.vasic.lava.apigo/internal/gen/server/api.gen.go:2094.16,2096.3 1 0
digital.vasic.lava.apigo/internal/gen/server/api.gen.go:2098.2,2100.12 3 0
digital.vasic.lava.apigo/internal/gen/server/api.gen.go:2104.74,2108.2 3 0
digital.vasic.lava.apigo/internal/gen/server/api.gen.go:2111.75,2116.2 4 0
digital.vasic.lava.apigo/internal/gen/server/api.gen.go:2119.76,2122.16 3 0
digital.vasic.lava.apigo/internal/gen/server/api.gen.go:2122.16,2124.3 1 0
digital.vasic.lava.apigo/internal/gen/server/api.gen.go:2126.2,2128.12 3 0
digital.vasic.lava.apigo/internal/gen/server/api.gen.go:2131.57,2137.2 3 0
digital.vasic.lava.apigo/internal/gen/server/api.gen.go:2139.69,2141.16 2 0
digital.vasic.lava.apigo/internal/gen/server/api.gen.go:2141.16,2143.3 1 0
digital.vasic.lava.apigo/internal/gen/server/api.gen.go:2144.2,2144.23 1 0
digital.vasic.lava.apigo/internal/gen/server/api.gen.go:2145.15,2146.32 1 0
digital.vasic.lava.apigo/internal/gen/server/api.gen.go:2147.14,2148.31 1 0
digital.vasic.lava.apigo/internal/gen/server/api.gen.go:2149.13,2150.30 1 0
digital.vasic.lava.apigo/internal/gen/server/api.gen.go:2151.12,2152.29 1 0
digital.vasic.lava.apigo/internal/gen/server/api.gen.go:2153.14,2154.31 1 0
digital.vasic.lava.apigo/internal/gen/server/api.gen.go:2155.15,2156.32 1 0
digital.vasic.lava.apigo/internal/gen/server/api.gen.go:2157.17,2158.34 1 0
digital.vasic.lava.apigo/internal/gen/server/api.gen.go:2159.12,2160.29 1 0
digital.vasic.lava.apigo/internal/gen/server/api.gen.go:2161.15,2162.32 1 0
digital.vasic.lava.apigo/internal/gen/server/api.gen.go:2163.22,2164.39 1 0
digital.vasic.lava.apigo/internal/gen/server/api.gen.go:2165.16,2166.33 1 0
digital.vasic.lava.apigo/internal/gen/server/api.gen.go:2167.14,2168.31 1 0
digital.vasic.lava.apigo/internal/gen/server/api.gen.go:2169.14,2170.31 1 0
digital.vasic.lava.apigo/internal/gen/server/api.gen.go:2171.16,2172.33 1 0
digital.vasic.lava.apigo/internal/gen/server/api.gen.go:2173.15,2174.32 1 0
digital.vasic.lava.apigo/internal/gen/server/api.gen.go:2175.14,2176.31 1 0
digital.vasic.lava.apigo/internal/gen/server/api.gen.go:2177.17,2178.34 1 0
digital.vasic.lava.apigo/internal/gen/server/api.gen.go:2179.14,2180.31 1 0
digital.vasic.lava.apigo/internal/gen/server/api.gen.go:2181.20,2182.37 1 0
digital.vasic.lava.apigo/internal/gen/server/api.gen.go:2183.10,2184.74 1 0
digital.vasic.lava.apigo/internal/gen/server/api.gen.go:2188.55,2191.2 2 0
digital.vasic.lava.apigo/internal/gen/server/api.gen.go:2193.56,2196.2 2 0
digital.vasic.lava.apigo/internal/gen/server/api.gen.go:2260.60,2270.79 4 0
digital.vasic.lava.apigo/internal/gen/server/api.gen.go:2270.79,2273.13 3 0
digital.vasic.lava.apigo/internal/gen/server/api.gen.go:2273.13,2276.4 2 0
digital.vasic.lava.apigo/internal/gen/server/api.gen.go:2278.3,2279.17 2 0
digital.vasic.lava.apigo/internal/gen/server/api.gen.go:2279.17,2282.4 2 0
digital.vasic.lava.apigo/internal/gen/server/api.gen.go:2284.3,2284.32 1 0
digital.vasic.lava.apigo/internal/gen/server/api.gen.go:2288.2,2288.52 1 0
digital.vasic.lava.apigo/internal/gen/server/api.gen.go:2288.52,2290.20 2 0
digital.vasic.lava.apigo/internal/gen/server/api.gen.go:2290.20,2292.4 1 0
digital.vasic.lava.apigo/internal/gen/server/api.gen.go:2295.2,2295.32 1 0
digital.vasic.lava.apigo/internal/gen/server/api.gen.go:2299.63,2307.16 4 0
digital.vasic.lava.apigo/internal/gen/server/api.gen.go:2307.16,2310.3 2 0
digital.vasic.lava.apigo/internal/gen/server/api.gen.go:2312.2,2312.52 1 0
digital.vasic.lava.apigo/internal/gen/server/api.gen.go:2312.52,2314.20 2 0
digital.vasic.lava.apigo/internal/gen/server/api.gen.go:2314.20,2316.4 1 0
digital.vasic.lava.apigo/internal/gen/server/api.gen.go:2319.2,2319.33 1 0
digital.vasic.lava.apigo/internal/gen/server/api.gen.go:2323.68,2331.16 4 0
digital.vasic.lava.apigo/internal/gen/server/api.gen.go:2331.16,2334.3 2 0
digital.vasic.lava.apigo/internal/gen/server/api.gen.go:2337.2,2342.16 3 0
digital.vasic.lava.apigo/internal/gen/server/api.gen.go:2342.16,2345.3 2 0
digital.vasic.lava.apigo/internal/gen/server/api.gen.go:2347.2,2350.79 2 0
digital.vasic.lava.apigo/internal/gen/server/api.gen.go:2350.79,2353.13 3 0
digital.vasic.lava.apigo/internal/gen/server/api.gen.go:2353.13,2356.4 2 0
digital.vasic.lava.apigo/internal/gen/server/api.gen.go:2358.3,2359.17 2 0
digital.vasic.lava.apigo/internal/gen/server/api.gen.go:2359.17,2362.4 2 0
digital.vasic.lava.apigo/internal/gen/server/api.gen.go:2364.3,2364.32 1 0
digital.vasic.lava.apigo/internal/gen/server/api.gen.go:2368.2,2368.52 1 0
digital.vasic.lava.apigo/internal/gen/server/api.gen.go:2368.52,2370.20 2 0
digital.vasic.lava.apigo/internal/gen/server/api.gen.go:2370.20,2372.4 1 0
digital.vasic.lava.apigo/internal/gen/server/api.gen.go:2375.2,2375.44 1 0
digital.vasic.lava.apigo/internal/gen/server/api.gen.go:2379.64,2387.16 4 0
digital.vasic.lava.apigo/internal/gen/server/api.gen.go:2387.16,2390.3 2 0
digital.vasic.lava.apigo/internal/gen/server/api.gen.go:2393.2,2398.79 3 0
digital.vasic.lava.apigo/internal/gen/server/api.gen.go:2398.79,2401.13 3 0
digital.vasic.lava.apigo/internal/gen/server/api.gen.go:2401.13,2404.4 2 0
digital.vasic.lava.apigo/internal/gen/server/api.gen.go:2406.3,2407.17 2 0
digital.vasic.lava.apigo/internal/gen/server/api.gen.go:2407.17,2410.4 2 0
digital.vasic.lava.apigo/internal/gen/server/api.gen.go:2412.3,2412.32 1 0
digital.vasic.lava.apigo/internal/gen/server/api.gen.go:2416.2,2416.52 1 0
digital.vasic.lava.apigo/internal/gen/server/api.gen.go:2416.52,2418.20 2 0
digital.vasic.lava.apigo/internal/gen/server/api.gen.go:2418.20,2420.4 1 0
digital.vasic.lava.apigo/internal/gen/server/api.gen.go:2423.2,2423.40 1 0
digital.vasic.lava.apigo/internal/gen/server/api.gen.go:2427.64,2435.16 4 0
digital.vasic.lava.apigo/internal/gen/server/api.gen.go:2435.16,2438.3 2 0
digital.vasic.lava.apigo/internal/gen/server/api.gen.go:2441.2,2446.79 3 0
digital.vasic.lava.apigo/internal/gen/server/api.gen.go:2446.79,2449.13 3 0
digital.vasic.lava.apigo/internal/gen/server/api.gen.go:2449.13,2452.4 2 0
digital.vasic.lava.apigo/internal/gen/server/api.gen.go:2454.3,2455.17 2 0
digital.vasic.lava.apigo/internal/gen/server/api.gen.go:2455.17,2458.4 2 0
digital.vasic.lava.apigo/internal/gen/server/api.gen.go:2460.3,2460.32 1 0
digital.vasic.lava.apigo/internal/gen/server/api.gen.go:2464.2,2464.52 1 0
digital.vasic.lava.apigo/internal/gen/server/api.gen.go:2464.52,2466.20 2 0
digital.vasic.lava.apigo/internal/gen/server/api.gen.go:2466.20,2468.4 1 0
digital.vasic.lava.apigo/internal/gen/server/api.gen.go:2471.2,2471.40 1 0
digital.vasic.lava.apigo/internal/gen/server/api.gen.go:2475.65,2485.79 4 0
digital.vasic.lava.apigo/internal/gen/server/api.gen.go:2485.79,2488.13 3 0
digital.vasic.lava.apigo/internal/gen/server/api.gen.go:2488.13,2491.4 2 0
digital.vasic.lava.apigo/internal/gen/server/api.gen.go:2493.3,2494.17 2 0
digital.vasic.lava.apigo/internal/gen/server/api.gen.go:2494.17,2497.4 2 0
digital.vasic.lava.apigo/internal/gen/server/api.gen.go:2499.3,2499.32 1 0
digital.vasic.lava.apigo/internal/gen/server/api.gen.go:2503.2,2503.52 1 0
digital.vasic.lava.apigo/internal/gen/server/api.gen.go:2503.52,2505.20 2 0
digital.vasic.lava.apigo/internal/gen/server/api.gen.go:2505.20,2507.4 1 0
digital.vasic.lava.apigo/internal/gen/server/api.gen.go:2510.2,2510.37 1 0
digital.vasic.lava.apigo/internal/gen/server/api.gen.go:2514.69,2522.16 4 0
digital.vasic.lava.apigo/internal/gen/server/api.gen.go:2522.16,2525.3 2 0
digital.vasic.lava.apigo/internal/gen/server/api.gen.go:2528.2,2533.79 3 0
digital.vasic.lava.apigo/internal/gen/server/api.gen.go:2533.79,2536.13 3 0
digital.vasic.lava.apigo/internal/gen/server/api.gen.go:2536.13,2539.4 2 0
digital.vasic.lava.apigo/internal/gen/server/api.gen.go:2541.3,2542.17 2 0
digital.vasic.lava.apigo/internal/gen/server/api.gen.go:2542.17,2545.4 2 0
digital.vasic.lava.apigo/internal/gen/server/api.gen.go:2547.3,2547.32 1 0
digital.vasic.lava.apigo/internal/gen/server/api.gen.go:2551.2,2551.52 1 0
digital.vasic.lava.apigo/internal/gen/server/api.gen.go:2551.52,2553.20 2 0
digital.vasic.lava.apigo/internal/gen/server/api.gen.go:2553.20,2555.4 1 0
digital.vasic.lava.apigo/internal/gen/server/api.gen.go:2558.2,2558.45 1 0
digital.vasic.lava.apigo/internal/gen/server/api.gen.go:2562.72,2570.16 4 0
digital.vasic.lava.apigo/internal/gen/server/api.gen.go:2570.16,2573.3 2 0
digital.vasic.lava.apigo/internal/gen/server/api.gen.go:2576.2,2581.79 3 0
digital.vasic.lava.apigo/internal/gen/server/api.gen.go:2581.79,2584.13 3 0
digital.vasic.lava.apigo/internal/gen/server/api.gen.go:2584.13,2587.4 2 0
digital.vasic.lava.apigo/internal/gen/server/api.gen.go:2589.3,2590.17 2 0
digital.vasic.lava.apigo/internal/gen/server/api.gen.go:2590.17,2593.4 2 0
digital.vasic.lava.apigo/internal/gen/server/api.gen.go:2595.3,2595.32 1 0
digital.vasic.lava.apigo/internal/gen/server/api.gen.go:2599.2,2599.52 1 0
digital.vasic.lava.apigo/internal/gen/server/api.gen.go:2599.52,2601.20 2 0
digital.vasic.lava.apigo/internal/gen/server/api.gen.go:2601.20,2603.4 1 0
digital.vasic.lava.apigo/internal/gen/server/api.gen.go:2606.2,2606.48 1 0
digital.vasic.lava.apigo/internal/gen/server/api.gen.go:2610.61,2620.79 4 0
digital.vasic.lava.apigo/internal/gen/server/api.gen.go:2620.79,2623.13 3 0
digital.vasic.lava.apigo/internal/gen/server/api.gen.go:2623.13,2626.4 2 0
digital.vasic.lava.apigo/internal/gen/server/api.gen.go:2628.3,2629.17 2 0
digital.vasic.lava.apigo/internal/gen/server/api.gen.go:2629.17,2632.4 2 0
digital.vasic.lava.apigo/internal/gen/server/api.gen.go:2634.3,2634.32 1 0
digital.vasic.lava.apigo/internal/gen/server/api.gen.go:2638.2,2638.52 1 0
digital.vasic.lava.apigo/internal/gen/server/api.gen.go:2638.52,2640.20 2 0
digital.vasic.lava.apigo/internal/gen/server/api.gen.go:2640.20,2642.4 1 0
digital.vasic.lava.apigo/internal/gen/server/api.gen.go:2645.2,2645.33 1 0
digital.vasic.lava.apigo/internal/gen/server/api.gen.go:2649.68,2657.16 4 0
digital.vasic.lava.apigo/internal/gen/server/api.gen.go:2657.16,2660.3 2 0
digital.vasic.lava.apigo/internal/gen/server/api.gen.go:2663.2,2668.16 3 0
digital.vasic.lava.apigo/internal/gen/server/api.gen.go:2668.16,2671.3 2 0
digital.vasic.lava.apigo/internal/gen/server/api.gen.go:2673.2,2676.79 2 0
digital.vasic.lava.apigo/internal/gen/server/api.gen.go:2676.79,2679.13 3 0
digital.vasic.lava.apigo/internal/gen/server/api.gen.go:2679.13,2682.4 2 0
digital.vasic.lava.apigo/internal/gen/server/api.gen.go:2684.3,2685.17 2 0
digital.vasic.lava.apigo/internal/gen/server/api.gen.go:2685.17,2688.4 2 0
digital.vasic.lava.apigo/internal/gen/server/api.gen.go:2690.3,2690.32 1 0
digital.vasic.lava.apigo/internal/gen/server/api.gen.go:2694.2,2694.52 1 0
digital.vasic.lava.apigo/internal/gen/server/api.gen.go:2694.52,2696.20 2 0
digital.vasic.lava.apigo/internal/gen/server/api.gen.go:2696.20,2698.4 1 0
digital.vasic.lava.apigo/internal/gen/server/api.gen.go:2701.2,2701.44 1 0
digital.vasic.lava.apigo/internal/gen/server/api.gen.go:2705.61,2715.79 4 0
digital.vasic.lava.apigo/internal/gen/server/api.gen.go:2715.79,2718.13 3 0
digital.vasic.lava.apigo/internal/gen/server/api.gen.go:2718.13,2721.4 2 0
digital.vasic.lava.apigo/internal/gen/server/api.gen.go:2723.3,2724.17 2 0
digital.vasic.lava.apigo/internal/gen/server/api.gen.go:2724.17,2727.4 2 0
digital.vasic.lava.apigo/internal/gen/server/api.gen.go:2729.3,2729.32 1 0
digital.vasic.lava.apigo/internal/gen/server/api.gen.go:2733.2,2733.52 1 0
digital.vasic.lava.apigo/internal/gen/server/api.gen.go:2733.52,2735.20 2 0
digital.vasic.lava.apigo/internal/gen/server/api.gen.go:2735.20,2737.4 1 0
digital.vasic.lava.apigo/internal/gen/server/api.gen.go:2740.2,2740.33 1 0
digital.vasic.lava.apigo/internal/gen/server/api.gen.go:2744.62,2746.52 1 0
digital.vasic.lava.apigo/internal/gen/server/api.gen.go:2746.52,2748.20 2 0
digital.vasic.lava.apigo/internal/gen/server/api.gen.go:2748.20,2750.4 1 0
digital.vasic.lava.apigo/internal/gen/server/api.gen.go:2753.2,2753.26 1 0
digital.vasic.lava.apigo/internal/gen/server/api.gen.go:2757.62,2767.16 4 0
digital.vasic.lava.apigo/internal/gen/server/api.gen.go:2767.16,2770.3 2 0
digital.vasic.lava.apigo/internal/gen/server/api.gen.go:2774.2,2775.16 2 0
digital.vasic.lava.apigo/internal/gen/server/api.gen.go:2775.16,2778.3 2 0
digital.vasic.lava.apigo/internal/gen/server/api.gen.go:2782.2,2783.16 2 0
digital.vasic.lava.apigo/internal/gen/server/api.gen.go:2783.16,2786.3 2 0
digital.vasic.lava.apigo/internal/gen/server/api.gen.go:2790.2,2791.16 2 0
digital.vasic.lava.apigo/internal/gen/server/api.gen.go:2791.16,2794.3 2 0
digital.vasic.lava.apigo/internal/gen/server/api.gen.go:2798.2,2799.16 2 0
digital.vasic.lava.apigo/internal/gen/server/api.gen.go:2799.16,2802.3 2 0
digital.vasic.lava.apigo/internal/gen/server/api.gen.go:2806.2,2807.16 2 0
digital.vasic.lava.apigo/internal/gen/server/api.gen.go:2807.16,2810.3 2 0
digital.vasic.lava.apigo/internal/gen/server/api.gen.go:2814.2,2815.16 2 0
digital.vasic.lava.apigo/internal/gen/server/api.gen.go:2815.16,2818.3 2 0
digital.vasic.lava.apigo/internal/gen/server/api.gen.go:2822.2,2823.16 2 0
digital.vasic.lava.apigo/internal/gen/server/api.gen.go:2823.16,2826.3 2 0
digital.vasic.lava.apigo/internal/gen/server/api.gen.go:2828.2,2831.79 2 0
digital.vasic.lava.apigo/internal/gen/server/api.gen.go:2831.79,2834.13 3 0
digital.vasic.lava.apigo/internal/gen/server/api.gen.go:2834.13,2837.4 2 0
digital.vasic.lava.apigo/internal/gen/server/api.gen.go:2839.3,2840.17 2 0
digital.vasic.lava.apigo/internal/gen/server/api.gen.go:2840.17,2843.4 2 0
digital.vasic.lava.apigo/internal/gen/server/api.gen.go:2845.3,2845.32 1 0
digital.vasic.lava.apigo/internal/gen/server/api.gen.go:2849.2,2849.52 1 0
digital.vasic.lava.apigo/internal/gen/server/api.gen.go:2849.52,2851.20 2 0
digital.vasic.lava.apigo/internal/gen/server/api.gen.go:2851.20,2853.4 1 0
digital.vasic.lava.apigo/internal/gen/server/api.gen.go:2856.2,2856.34 1 0
digital.vasic.lava.apigo/internal/gen/server/api.gen.go:2860.61,2868.16 4 0
digital.vasic.lava.apigo/internal/gen/server/api.gen.go:2868.16,2871.3 2 0
digital.vasic.lava.apigo/internal/gen/server/api.gen.go:2874.2,2879.16 3 0
digital.vasic.lava.apigo/internal/gen/server/api.gen.go:2879.16,2882.3 2 0
digital.vasic.lava.apigo/internal/gen/server/api.gen.go:2884.2,2887.79 2 0
digital.vasic.lava.apigo/internal/gen/server/api.gen.go:2887.79,2890.13 3 0
digital.vasic.lava.apigo/internal/gen/server/api.gen.go:2890.13,2893.4 2 0
digital.vasic.lava.apigo/internal/gen/server/api.gen.go:2895.3,2896.17 2 0
digital.vasic.lava.apigo/internal/gen/server/api.gen.go:2896.17,2899.4 2 0
digital.vasic.lava.apigo/internal/gen/server/api.gen.go:2901.3,2901.32 1 0
digital.vasic.lava.apigo/internal/gen/server/api.gen.go:2905.2,2905.52 1 0
digital.vasic.lava.apigo/internal/gen/server/api.gen.go:2905.52,2907.20 2 0
digital.vasic.lava.apigo/internal/gen/server/api.gen.go:2907.20,2909.4 1 0
digital.vasic.lava.apigo/internal/gen/server/api.gen.go:2912.2,2912.37 1 0
digital.vasic.lava.apigo/internal/gen/server/api.gen.go:2916.65,2924.16 4 0
digital.vasic.lava.apigo/internal/gen/server/api.gen.go:2924.16,2927.3 2 0
digital.vasic.lava.apigo/internal/gen/server/api.gen.go:2930.2,2935.16 3 0
digital.vasic.lava.apigo/internal/gen/server/api.gen.go:2935.16,2938.3 2 0
digital.vasic.lava.apigo/internal/gen/server/api.gen.go:2940.2,2943.79 2 0
digital.vasic.lava.apigo/internal/gen/server/api.gen.go:2943.79,2946.13 3 0
digital.vasic.lava.apigo/internal/gen/server/api.gen.go:2946.13,2949.4 2 0
digital.vasic.lava.apigo/internal/gen/server/api.gen.go:2951.3,2952.17 2 0
digital.vasic.lava.apigo/internal/gen/server/api.gen.go:2952.17,2955.4 2 0
digital.vasic.lava.apigo/internal/gen/server/api.gen.go:2957.3,2957.32 1 0
digital.vasic.lava.apigo/internal/gen/server/api.gen.go:2961.2,2961.52 1 0
digital.vasic.lava.apigo/internal/gen/server/api.gen.go:2961.52,2963.20 2 0
digital.vasic.lava.apigo/internal/gen/server/api.gen.go:2963.20,2965.4 1 0
digital.vasic.lava.apigo/internal/gen/server/api.gen.go:2968.2,2968.41 1 0
digital.vasic.lava.apigo/internal/gen/server/api.gen.go:2972.63,2980.16 4 0
digital.vasic.lava.apigo/internal/gen/server/api.gen.go:2980.16,2983.3 2 0
digital.vasic.lava.apigo/internal/gen/server/api.gen.go:2986.2,2991.79 3 0
digital.vasic.lava.apigo/internal/gen/server/api.gen.go:2991.79,2994.13 3 0
digital.vasic.lava.apigo/internal/gen/server/api.gen.go:2994.13,2997.4 2 0
digital.vasic.lava.apigo/internal/gen/server/api.gen.go:2999.3,3000.17 2 0
digital.vasic.lava.apigo/internal/gen/server/api.gen.go:3000.17,3003.4 2 0
digital.vasic.lava.apigo/internal/gen/server/api.gen.go:3005.3,3005.32 1 0
digital.vasic.lava.apigo/internal/gen/server/api.gen.go:3009.2,3009.52 1 0
digital.vasic.lava.apigo/internal/gen/server/api.gen.go:3009.52,3011.20 2 0
digital.vasic.lava.apigo/internal/gen/server/api.gen.go:3011.20,3013.4 1 0
digital.vasic.lava.apigo/internal/gen/server/api.gen.go:3016.2,3016.39 1 0
digital.vasic.lava.apigo/internal/gen/server/api.gen.go:3027.63,3029.2 1 0
digital.vasic.lava.apigo/internal/gen/server/api.gen.go:3032.100,3034.25 2 0
digital.vasic.lava.apigo/internal/gen/server/api.gen.go:3034.25,3035.66 1 0
digital.vasic.lava.apigo/internal/gen/server/api.gen.go:3035.66,3037.4 1 0
digital.vasic.lava.apigo/internal/gen/server/api.gen.go:3040.2,3061.64 17 0
digital.vasic.lava.apigo/internal/gen/server/api.gen.go:3180.35,3182.16 2 0
digital.vasic.lava.apigo/internal/gen/server/api.gen.go:3182.16,3184.3 1 0
digital.vasic.lava.apigo/internal/gen/server/api.gen.go:3185.2,3186.16 2 0
digital.vasic.lava.apigo/internal/gen/server/api.gen.go:3186.16,3188.3 1 0
digital.vasic.lava.apigo/internal/gen/server/api.gen.go:3189.2,3191.16 3 0
digital.vasic.lava.apigo/internal/gen/server/api.gen.go:3191.16,3193.3 1 0
digital.vasic.lava.apigo/internal/gen/server/api.gen.go:3195.2,3195.25 1 0
digital.vasic.lava.apigo/internal/gen/server/api.gen.go:3201.48,3203.32 2 0
digital.vasic.lava.apigo/internal/gen/server/api.gen.go:3203.32,3205.3 1 0
digital.vasic.lava.apigo/internal/gen/server/api.gen.go:3209.73,3211.25 2 0
digital.vasic.lava.apigo/internal/gen/server/api.gen.go:3211.25,3213.3 1 0
digital.vasic.lava.apigo/internal/gen/server/api.gen.go:3215.2,3215.12 1 0
digital.vasic.lava.apigo/internal/gen/server/api.gen.go:3223.52,3228.87 4 0
digital.vasic.lava.apigo/internal/gen/server/api.gen.go:3228.87,3232.10 4 0
digital.vasic.lava.apigo/internal/gen/server/api.gen.go:3232.10,3235.4 2 0
digital.vasic.lava.apigo/internal/gen/server/api.gen.go:3236.3,3236.19 1 0
digital.vasic.lava.apigo/internal/gen/server/api.gen.go:3238.2,3240.16 3 0
digital.vasic.lava.apigo/internal/gen/server/api.gen.go:3240.16,3242.3 1 0
digital.vasic.lava.apigo/internal/gen/server/api.gen.go:3243.2,3244.16 2 0
digital.vasic.lava.apigo/internal/gen/server/api.gen.go:3244.16,3246.3 1 0
digital.vasic.lava.apigo/internal/gen/server/api.gen.go:3247.2,3247.8 1 0
digital.vasic.lava.apigo/internal/gen/client/api.gen.go:25.58,26.11 1 0
digital.vasic.lava.apigo/internal/gen/client/api.gen.go:27.23,28.14 1 0
digital.vasic.lava.apigo/internal/gen/client/api.gen.go:29.10,30.15 1 0
digital.vasic.lava.apigo/internal/gen/client/api.gen.go:40.61,41.11 1 0
digital.vasic.lava.apigo/internal/gen/client/api.gen.go:42.26,43.14 1 0
digital.vasic.lava.apigo/internal/gen/client/api.gen.go:44.10,45.15 1 0
digital.vasic.lava.apigo/internal/gen/client/api.gen.go:55.50,56.11 1 0
digital.vasic.lava.apigo/internal/gen/client/api.gen.go:57.15,58.14 1 0
digital.vasic.lava.apigo/internal/gen/client/api.gen.go:59.10,60.15 1 0
digital.vasic.lava.apigo/internal/gen/client/api.gen.go:70.55,71.11 1 0
digital.vasic.lava.apigo/internal/gen/client/api.gen.go:72.20,73.14 1 0
digital.vasic.lava.apigo/internal/gen/client/api.gen.go:74.10,75.15 1 0
digital.vasic.lava.apigo/internal/gen/client/api.gen.go:85.41,86.11 1 0
digital.vasic.lava.apigo/internal/gen/client/api.gen.go:87.11,88.14 1 0
digital.vasic.lava.apigo/internal/gen/client/api.gen.go:89.10,90.15 1 0
digital.vasic.lava.apigo/internal/gen/client/api.gen.go:100.42,101.11 1 0
digital.vasic.lava.apigo/internal/gen/client/api.gen.go:102.12,103.14 1 0
digital.vasic.lava.apigo/internal/gen/client/api.gen.go:104.10,105.15 1 0
digital.vasic.lava.apigo/internal/gen/client/api.gen.go:115.53,116.11 1 0
digital.vasic.lava.apigo/internal/gen/client/api.gen.go:117.20,118.14 1 0
digital.vasic.lava.apigo/internal/gen/client/api.gen.go:119.10,120.15 1 0
digital.vasic.lava.apigo/internal/gen/client/api.gen.go:130.46,131.11 1 0
digital.vasic.lava.apigo/internal/gen/client/api.gen.go:132.13,133.14 1 0
digital.vasic.lava.apigo/internal/gen/client/api.gen.go:134.10,135.15 1 0
digital.vasic.lava.apigo/internal/gen/client/api.gen.go:145.48,146.11 1 0
digital.vasic.lava.apigo/internal/gen/client/api.gen.go:147.15,148.14 1 0
digital.vasic.lava.apigo/internal/gen/client/api.gen.go:149.10,150.15 1 0
digital.vasic.lava.apigo/internal/gen/client/api.gen.go:163.49,164.11 1 0
digital.vasic.lava.apigo/internal/gen/client/api.gen.go:165.14,166.14 1 0
digital.vasic.lava.apigo/internal/gen/client/api.gen.go:167.15,168.14 1 0
digital.vasic.lava.apigo/internal/gen/client/api.gen.go:169.12,170.14 1 0
digital.vasic.lava.apigo/internal/gen/client/api.gen.go:171.13,172.14 1 0
digital.vasic.lava.apigo/internal/gen/client/api.gen.go:173.10,174.15 1 0
digital.vasic.lava.apigo/internal/gen/client/api.gen.go:184.44,185.11 1 0
digital.vasic.lava.apigo/internal/gen/client/api.gen.go:186.13,187.14 1 0
digital.vasic.lava.apigo/internal/gen/client/api.gen.go:188.10,189.15 1 0
digital.vasic.lava.apigo/internal/gen/client/api.gen.go:199.43,200.11 1 0
digital.vasic.lava.apigo/internal/gen/client/api.gen.go:201.12,202.14 1 0
digital.vasic.lava.apigo/internal/gen/client/api.gen.go:203.10,204.15 1 0
digital.vasic.lava.apigo/internal/gen/client/api.gen.go:214.42,215.11 1 0
digital.vasic.lava.apigo/internal/gen/client/api.gen.go:216.11,217.14 1 0
digital.vasic.lava.apigo/internal/gen/client/api.gen.go:218.10,219.15 1 0
digital.vasic.lava.apigo/internal/gen/client/api.gen.go:229.41,230.11 1 0
digital.vasic.lava.apigo/internal/gen/client/api.gen.go:231.10,232.14 1 0
digital.vasic.lava.apigo/internal/gen/client/api.gen.go:233.10,234.15 1 0
digital.vasic.lava.apigo/internal/gen/client/api.gen.go:244.43,245.11 1 0
digital.vasic.lava.apigo/internal/gen/client/api.gen.go:246.12,247.14 1 0
digital.vasic.lava.apigo/internal/gen/client/api.gen.go:248.10,249.15 1 0
digital.vasic.lava.apigo/internal/gen/client/api.gen.go:259.44,260.11 1 0
digital.vasic.lava.apigo/internal/gen/client/api.gen.go:261.13,262.14 1 0
digital.vasic.lava.apigo/internal/gen/client/api.gen.go:263.10,264.15 1 0
digital.vasic.lava.apigo/internal/gen/client/api.gen.go:274.46,275.11 1 0
digital.vasic.lava.apigo/internal/gen/client/api.gen.go:276.15,277.14 1 0
digital.vasic.lava.apigo/internal/gen/client/api.gen.go:278.10,279.15 1 0
digital.vasic.lava.apigo/internal/gen/client/api.gen.go:289.41,290.11 1 0
digital.vasic.lava.apigo/internal/gen/client/api.gen.go:291.10,292.14 1 0
digital.vasic.lava.apigo/internal/gen/client/api.gen.go:293.10,294.15 1 0
digital.vasic.lava.apigo/internal/gen/client/api.gen.go:304.44,305.11 1 0
digital.vasic.lava.apigo/internal/gen/client/api.gen.go:306.13,307.14 1 0
digital.vasic.lava.apigo/internal/gen/client/api.gen.go:308.10,309.15 1 0
digital.vasic.lava.apigo/internal/gen/client/api.gen.go:322.56,323.11 1 0
digital.vasic.lava.apigo/internal/gen/client/api.gen.go:324.14,325.14 1 0
digital.vasic.lava.apigo/internal/gen/client/api.gen.go:326.11,327.14 1 0
digital.vasic.lava.apigo/internal/gen/client/api.gen.go:328.13,329.14 1 0
digital.vasic.lava.apigo/internal/gen/client/api.gen.go:330.11,331.14 1 0
digital.vasic.lava.apigo/internal/gen/client/api.gen.go:332.10,333.15 1 0
digital.vasic.lava.apigo/internal/gen/client/api.gen.go:343.51,344.11 1 0
digital.vasic.lava.apigo/internal/gen/client/api.gen.go:345.20,346.14 1 0
digital.vasic.lava.apigo/internal/gen/client/api.gen.go:347.10,348.15 1 0
digital.vasic.lava.apigo/internal/gen/client/api.gen.go:358.45,359.11 1 0
digital.vasic.lava.apigo/internal/gen/client/api.gen.go:360.14,361.14 1 0
digital.vasic.lava.apigo/internal/gen/client/api.gen.go:362.10,363.15 1 0
digital.vasic.lava.apigo/internal/gen/client/api.gen.go:373.43,374.11 1 0
digital.vasic.lava.apigo/internal/gen/client/api.gen.go:375.12,376.14 1 0
digital.vasic.lava.apigo/internal/gen/client/api.gen.go:377.10,378.15 1 0
digital.vasic.lava.apigo/internal/gen/client/api.gen.go:388.43,389.11 1 0
digital.vasic.lava.apigo/internal/gen/client/api.gen.go:390.12,391.14 1 0
digital.vasic.lava.apigo/internal/gen/client/api.gen.go:392.10,393.15 1 0
digital.vasic.lava.apigo/internal/gen/client/api.gen.go:403.45,404.11 1 0
digital.vasic.lava.apigo/internal/gen/client/api.gen.go:405.14,406.14 1 0
digital.vasic.lava.apigo/internal/gen/client/api.gen.go:407.10,408.15 1 0
digital.vasic.lava.apigo/internal/gen/client/api.gen.go:418.44,419.11 1 0
digital.vasic.lava.apigo/internal/gen/client/api.gen.go:420.13,421.14 1 0
digital.vasic.lava.apigo/internal/gen/client/api.gen.go:422.10,423.15 1 0
digital.vasic.lava.apigo/internal/gen/client/api.gen.go:433.43,434.11 1 0
digital.vasic.lava.apigo/internal/gen/client/api.gen.go:435.31,436.14 1 0
digital.vasic.lava.apigo/internal/gen/client/api.gen.go:437.10,438.15 1 0
digital.vasic.lava.apigo/internal/gen/client/api.gen.go:448.46,449.11 1 0
digital.vasic.lava.apigo/internal/gen/client/api.gen.go:450.15,451.14 1 0
digital.vasic.lava.apigo/internal/gen/client/api.gen.go:452.10,453.15 1 0
digital.vasic.lava.apigo/internal/gen/client/api.gen.go:463.43,464.11 1 0
digital.vasic.lava.apigo/internal/gen/client/api.gen.go:465.12,466.14 1 0
digital.vasic.lava.apigo/internal/gen/client/api.gen.go:467.10,468.15 1 0
digital.vasic.lava.apigo/internal/gen/client/api.gen.go:478.49,479.11 1 0
digital.vasic.lava.apigo/internal/gen/client/api.gen.go:480.18,481.14 1 0
digital.vasic.lava.apigo/internal/gen/client/api.gen.go:482.10,483.15 1 0
digital.vasic.lava.apigo/internal/gen/client/api.gen.go:498.39,499.11 1 0
digital.vasic.lava.apigo/internal/gen/client/api.gen.go:500.15,501.14 1 0
digital.vasic.lava.apigo/internal/gen/client/api.gen.go:502.17,503.14 1 0
digital.vasic.lava.apigo/internal/gen/client/api.gen.go:504.21,505.14 1 0
digital.vasic.lava.apigo/internal/gen/client/api.gen.go:506.20,507.14 1 0
digital.vasic.lava.apigo/internal/gen/client/api.gen.go:508.16,509.14 1 0
digital.vasic.lava.apigo/internal/gen/client/api.gen.go:510.13,511.14 1 0
digital.vasic.lava.apigo/internal/gen/client/api.gen.go:512.10,513.15 1 0
digital.vasic.lava.apigo/internal/gen/client/api.gen.go:524.42,525.11 1 0
digital.vasic.lava.apigo/internal/gen/client/api.gen.go:526.17,527.14 1 0
digital.vasic.lava.apigo/internal/gen/client/api.gen.go:528.18,529.14 1 0
digital.vasic.lava.apigo/internal/gen/client/api.gen.go:530.10,531.15 1 0
digital.vasic.lava.apigo/internal/gen/client/api.gen.go:546.41,547.11 1 0
digital.vasic.lava.apigo/internal/gen/client/api.gen.go:548.29,549.14 1 0
digital.vasic.lava.apigo/internal/gen/client/api.gen.go:550.35,551.14 1 0
digital.vasic.lava.apigo/internal/gen/client/api.gen.go:552.32,553.14 1 0
digital.vasic.lava.apigo/internal/gen/client/api.gen.go:554.30,555.14 1 0
digital.vasic.lava.apigo/internal/gen/client/api.gen.go:556.29,557.14 1 0
digital.vasic.lava.apigo/internal/gen/client/api.gen.go:558.30,559.14 1 0
digital.vasic.lava.apigo/internal/gen/client/api.gen.go:560.10,561.15 1 0
digital.vasic.lava.apigo/internal/gen/client/api.gen.go:578.40,579.11 1 0
digital.vasic.lava.apigo/internal/gen/client/api.gen.go:580.16,581.14 1 0
digital.vasic.lava.apigo/internal/gen/client/api.gen.go:582.16,583.14 1 0
digital.vasic.lava.apigo/internal/gen/client/api.gen.go:584.14,585.14 1 0
digital.vasic.lava.apigo/internal/gen/client/api.gen.go:586.16,587.14 1 0
digital.vasic.lava.apigo/internal/gen/client/api.gen.go:588.17,589.14 1 0
digital.vasic.lava.apigo/internal/gen/client/api.gen.go:590.16,591.14 1 0
digital.vasic.lava.apigo/internal/gen/client/api.gen.go:592.21,593.14 1 0
digital.vasic.lava.apigo/internal/gen/client/api.gen.go:594.19,595.14 1 0
digital.vasic.lava.apigo/internal/gen/client/api.gen.go:596.10,597.15 1 0
digital.vasic.lava.apigo/internal/gen/client/api.gen.go:1239.85,1243.2 3 0
digital.vasic.lava.apigo/internal/gen/client/api.gen.go:1246.86,1251.2 4 0
digital.vasic.lava.apigo/internal/gen/client/api.gen.go:1254.87,1257.16 3 0
digital.vasic.lava.apigo/internal/gen/client/api.gen.go:1257.16,1259.3 1 0
digital.vasic.lava.apigo/internal/gen/client/api.gen.go:1261.2,1263.12 3 0
digital.vasic.lava.apigo/internal/gen/client/api.gen.go:1267.95,1271.2 3 0
digital.vasic.lava.apigo/internal/gen/client/api.gen.go:1274.96,1279.2 4 0
digital.vasic.lava.apigo/internal/gen/client/api.gen.go:1282.97,1285.16 3 0
digital.vasic.lava.apigo/internal/gen/client/api.gen.go:1285.16,1287.3 1 0
digital.vasic.lava.apigo/internal/gen/client/api.gen.go:1289.2,1291.12 3 0
digital.vasic.lava.apigo/internal/gen/client/api.gen.go:1295.101,1299.2 3 0
digital.vasic.lava.apigo/internal/gen/client/api.gen.go:1302.102,1307.2 4 0
digital.vasic.lava.apigo/internal/gen/client/api.gen.go:1310.103,1313.16 3 0
digital.vasic.lava.apigo/internal/gen/client/api.gen.go:1313.16,1315.3 1 0
digital.vasic.lava.apigo/internal/gen/client/api.gen.go:1317.2,1319.12 3 0
digital.vasic.lava.apigo/internal/gen/client/api.gen.go:1323.107,1327.2 3 0
digital.vasic.lava.apigo/internal/gen/client/api.gen.go:1330.108,1335.2 4 0
digital.vasic.lava.apigo/internal/gen/client/api.gen.go:1338.109,1341.16 3 0
digital.vasic.lava.apigo/internal/gen/client/api.gen.go:1341.16,1343.3 1 0
digital.vasic.lava.apigo/internal/gen/client/api.gen.go:1345.2,1347.12 3 0
digital.vasic.lava.apigo/internal/gen/client/api.gen.go:1350.58,1356.2 3 0
digital.vasic.lava.apigo/internal/gen/client/api.gen.go:1358.70,1360.16 2 0
digital.vasic.lava.apigo/internal/gen/client/api.gen.go:1360.16,1362.3 1 0
digital.vasic.lava.apigo/internal/gen/client/api.gen.go:1363.2,1363.23 1 0
digital.vasic.lava.apigo/internal/gen/client/api.gen.go:1364.25,1365.46 1 0
digital.vasic.lava.apigo/internal/gen/client/api.gen.go:1366.28,1367.49 1 0
digital.vasic.lava.apigo/internal/gen/client/api.gen.go:1368.17,1369.38 1 0
digital.vasic.lava.apigo/internal/gen/client/api.gen.go:1370.22,1371.43 1 0
digital.vasic.lava.apigo/internal/gen/client/api.gen.go:1372.10,1373.74 1 0
digital.vasic.lava.apigo/internal/gen/client/api.gen.go:1377.56,1380.2 2 0
digital.vasic.lava.apigo/internal/gen/client/api.gen.go:1382.57,1385.2 2 0
digital.vasic.lava.apigo/internal/gen/client/api.gen.go:1388.62,1392.2 3 0
digital.vasic.lava.apigo/internal/gen/client/api.gen.go:1395.63,1400.2 4 0
digital.vasic.lava.apigo/internal/gen/client/api.gen.go:1403.64,1406.16 3 0
digital.vasic.lava.apigo/internal/gen/client/api.gen.go:1406.16,1408.3 1 0
digital.vasic.lava.apigo/internal/gen/client/api.gen.go:1410.2,1412.12 3 0
digital.vasic.lava.apigo/internal/gen/client/api.gen.go:1416.64,1420.2 3 0
[...]
digital.vasic.lava.apigo/internal/rutracker/topic.go:201.2,202.17 2 1
digital.vasic.lava.apigo/internal/rutracker/topic.go:202.17,204.3 1 0
digital.vasic.lava.apigo/internal/rutracker/topic.go:205.2,205.63 1 1
digital.vasic.lava.apigo/internal/rutracker/topic.go:205.63,207.3 1 0
digital.vasic.lava.apigo/internal/rutracker/topic.go:208.2,208.17 1 1
digital.vasic.lava.apigo/internal/rutracker/topic_predicates.go:17.38,21.2 1 16
digital.vasic.lava.apigo/internal/rutracker/topic_predicates.go:26.43,28.2 1 10
digital.vasic.lava.apigo/internal/rutracker/topic_predicates.go:32.41,34.2 1 13
digital.vasic.lava.apigo/internal/rutracker/torrent.go:57.67,59.16 2 21
digital.vasic.lava.apigo/internal/rutracker/torrent.go:59.16,61.3 1 0
digital.vasic.lava.apigo/internal/rutracker/torrent.go:63.2,74.41 9 21
digital.vasic.lava.apigo/internal/rutracker/torrent.go:74.41,82.3 4 11
digital.vasic.lava.apigo/internal/rutracker/torrent.go:85.2,89.44 5 21
digital.vasic.lava.apigo/internal/rutracker/torrent.go:89.44,95.3 2 13
digital.vasic.lava.apigo/internal/rutracker/torrent.go:97.2,110.56 8 21
digital.vasic.lava.apigo/internal/rutracker/torrent.go:110.56,112.3 1 11
digital.vasic.lava.apigo/internal/rutracker/torrent.go:112.8,114.3 1 10
digital.vasic.lava.apigo/internal/rutracker/torrent.go:116.2,132.72 3 21
digital.vasic.lava.apigo/internal/rutracker/torrent.go:132.72,135.3 2 11
digital.vasic.lava.apigo/internal/rutracker/torrent.go:136.2,136.78 1 21
digital.vasic.lava.apigo/internal/rutracker/torrent.go:136.78,139.3 2 11
digital.vasic.lava.apigo/internal/rutracker/torrent.go:140.2,140.17 1 21
digital.vasic.lava.apigo/internal/rutracker/torrent.go:149.69,151.16 2 25
digital.vasic.lava.apigo/internal/rutracker/torrent.go:151.16,157.3 1 0
digital.vasic.lava.apigo/internal/rutracker/torrent.go:158.2,159.29 2 25
digital.vasic.lava.apigo/internal/rutracker/torrent.go:159.29,161.3 1 12
digital.vasic.lava.apigo/internal/rutracker/torrent.go:162.2,163.24 2 13
digital.vasic.lava.apigo/internal/rutracker/torrent.go:163.24,165.3 1 2
digital.vasic.lava.apigo/internal/rutracker/torrent.go:166.2,166.65 1 11
digital.vasic.lava.apigo/internal/rutracker/torrent.go:178.104,183.16 5 5
digital.vasic.lava.apigo/internal/rutracker/torrent.go:183.16,185.3 1 0
digital.vasic.lava.apigo/internal/rutracker/torrent.go:186.2,186.19 1 5
digital.vasic.lava.apigo/internal/rutracker/torrent.go:186.19,188.3 1 0
digital.vasic.lava.apigo/internal/rutracker/torrent.go:189.2,189.26 1 5
digital.vasic.lava.apigo/internal/rutracker/torrent.go:189.26,191.3 1 1
digital.vasic.lava.apigo/internal/rutracker/torrent.go:192.2,192.56 1 4
digital.vasic.lava.apigo/internal/rutracker/torrent.go:192.56,194.3 1 2
digital.vasic.lava.apigo/internal/rutracker/torrent.go:195.2,195.27 1 2
digital.vasic.lava.apigo/internal/rutracker/torrent.go:205.95,206.18 1 4
digital.vasic.lava.apigo/internal/rutracker/torrent.go:206.18,208.3 1 1
digital.vasic.lava.apigo/internal/rutracker/torrent.go:209.2,213.16 5 3
digital.vasic.lava.apigo/internal/rutracker/torrent.go:213.16,215.3 1 0
digital.vasic.lava.apigo/internal/rutracker/torrent.go:216.2,216.35 1 3
digital.vasic.lava.apigo/internal/rutracker/torrent.go:216.35,218.3 1 1
digital.vasic.lava.apigo/internal/rutracker/torrent.go:219.2,219.19 1 2
digital.vasic.lava.apigo/internal/rutracker/torrent.go:219.19,221.3 1 0
digital.vasic.lava.apigo/internal/rutracker/torrent.go:222.2,226.8 1 2
digital.vasic.lava.apigo/internal/rutracker/utils.go:41.44,42.33 1 675
digital.vasic.lava.apigo/internal/rutracker/utils.go:42.33,44.3 1 92
digital.vasic.lava.apigo/internal/rutracker/utils.go:45.2,46.43 2 583
digital.vasic.lava.apigo/internal/rutracker/utils.go:46.43,48.3 1 585
digital.vasic.lava.apigo/internal/rutracker/utils.go:49.2,49.53 1 583
digital.vasic.lava.apigo/internal/rutracker/utils.go:55.49,57.9 2 169
digital.vasic.lava.apigo/internal/rutracker/utils.go:57.9,59.3 1 56
digital.vasic.lava.apigo/internal/rutracker/utils.go:60.2,60.10 1 113
digital.vasic.lava.apigo/internal/rutracker/utils.go:69.53,70.33 1 316
digital.vasic.lava.apigo/internal/rutracker/utils.go:70.33,72.3 1 110
digital.vasic.lava.apigo/internal/rutracker/utils.go:73.2,74.13 2 206
digital.vasic.lava.apigo/internal/rutracker/utils.go:74.13,76.3 1 4
digital.vasic.lava.apigo/internal/rutracker/utils.go:77.2,78.16 2 202
digital.vasic.lava.apigo/internal/rutracker/utils.go:78.16,84.3 1 1
digital.vasic.lava.apigo/internal/rutracker/utils.go:85.2,85.16 1 201
digital.vasic.lava.apigo/internal/rutracker/utils.go:91.57,92.33 1 441
digital.vasic.lava.apigo/internal/rutracker/utils.go:92.33,94.3 1 79
digital.vasic.lava.apigo/internal/rutracker/utils.go:95.2,96.10 2 362
digital.vasic.lava.apigo/internal/rutracker/utils.go:103.72,105.16 2 266
digital.vasic.lava.apigo/internal/rutracker/utils.go:105.16,107.3 1 50
digital.vasic.lava.apigo/internal/rutracker/utils.go:112.2,113.16 2 216
digital.vasic.lava.apigo/internal/rutracker/utils.go:113.16,118.3 1 0
digital.vasic.lava.apigo/internal/rutracker/utils.go:119.2,120.17 2 216
digital.vasic.lava.apigo/internal/rutracker/utils.go:120.17,122.3 1 2
digital.vasic.lava.apigo/internal/rutracker/utils.go:123.2,124.13 2 214
digital.vasic.lava.apigo/internal/rutracker/utils.go:124.13,126.3 1 0
digital.vasic.lava.apigo/internal/rutracker/utils.go:127.2,127.16 1 214
digital.vasic.lava.apigo/internal/rutracker/utils.go:132.58,135.2 2 160
digital.vasic.lava.apigo/internal/rutracker/utils.go:140.44,146.2 5 82
digital.vasic.lava.apigo/internal/rutracker/utils.go:151.43,154.28 3 80
digital.vasic.lava.apigo/internal/rutracker/utils.go:154.28,157.3 2 55
digital.vasic.lava.apigo/internal/rutracker/utils.go:158.2,158.19 1 80
digital.vasic.lava.apigo/internal/rutracker/utils.go:167.55,168.14 1 81
digital.vasic.lava.apigo/internal/rutracker/utils.go:168.14,170.3 1 0
digital.vasic.lava.apigo/internal/rutracker/utils.go:171.2,171.41 1 81
digital.vasic.lava.apigo/internal/rutracker/utils.go:171.41,172.37 1 464
digital.vasic.lava.apigo/internal/rutracker/utils.go:172.37,175.4 2 46
digital.vasic.lava.apigo/internal/rutracker/utils.go:177.2,177.12 1 35
digital.vasic.lava.apigo/internal/rutracker/utils.go:215.41,216.22 1 19
digital.vasic.lava.apigo/internal/rutracker/utils.go:216.22,218.3 1 3
digital.vasic.lava.apigo/internal/rutracker/utils.go:219.2,221.13 3 16
digital.vasic.lava.apigo/internal/rutracker/utils.go:221.13,223.3 1 0
digital.vasic.lava.apigo/internal/rutracker/utils.go:224.2,224.25 1 16
digital.vasic.lava.apigo/internal/rutracker/utils.go:224.25,226.3 1 0
digital.vasic.lava.apigo/internal/rutracker/utils.go:227.2,229.44 3 16
digital.vasic.lava.apigo/internal/rutracker/utils.go:235.42,242.22 5 583
digital.vasic.lava.apigo/internal/rutracker/utils.go:242.22,243.80 1 4530
digital.vasic.lava.apigo/internal/rutracker/utils.go:243.80,244.18 1 372
digital.vasic.lava.apigo/internal/rutracker/utils.go:244.18,247.5 2 303
digital.vasic.lava.apigo/internal/rutracker/utils.go:248.4,248.12 1 372
digital.vasic.lava.apigo/internal/rutracker/utils.go:250.3,251.20 2 4158
digital.vasic.lava.apigo/internal/rutracker/utils.go:253.2,254.36 2 583
digital.vasic.lava.apigo/internal/server/altsvc.go:33.80,34.19 1 4
digital.vasic.lava.apigo/internal/server/altsvc.go:34.19,35.31 1 1
digital.vasic.lava.apigo/internal/server/altsvc.go:35.31,35.43 1 1
digital.vasic.lava.apigo/internal/server/altsvc.go:37.2,39.30 3 3
digital.vasic.lava.apigo/internal/server/altsvc.go:39.30,41.31 1 3
digital.vasic.lava.apigo/internal/server/altsvc.go:41.31,44.4 2 1
digital.vasic.lava.apigo/internal/server/altsvc.go:45.3,46.11 2 2
digital.vasic.lava.apigo/internal/server/altsvc.go:54.33,56.2 1 3
digital.vasic.lava.apigo/internal/server/altsvc.go:67.38,68.51 1 8
digital.vasic.lava.apigo/internal/server/altsvc.go:68.51,70.3 1 7
digital.vasic.lava.apigo/internal/server/altsvc.go:71.2,71.13 1 1
digital.vasic.lava.apigo/internal/server/brotli.go:34.69,35.14 1 4
digital.vasic.lava.apigo/internal/server/brotli.go:35.14,36.31 1 1
digital.vasic.lava.apigo/internal/server/brotli.go:36.31,36.43 1 1
digital.vasic.lava.apigo/internal/server/brotli.go:38.2,38.30 1 3
digital.vasic.lava.apigo/internal/server/brotli.go:38.30,40.25 2 5
digital.vasic.lava.apigo/internal/server/brotli.go:40.25,43.4 2 4
digital.vasic.lava.apigo/internal/server/brotli.go:45.3,46.16 2 1
digital.vasic.lava.apigo/internal/server/brotli.go:46.16,46.34 1 1
digital.vasic.lava.apigo/internal/server/brotli.go:48.3,57.11 6 1
digital.vasic.lava.apigo/internal/server/brotli.go:64.40,65.18 1 16
digital.vasic.lava.apigo/internal/server/brotli.go:65.18,67.3 1 1
digital.vasic.lava.apigo/internal/server/brotli.go:68.2,68.50 1 15
digital.vasic.lava.apigo/internal/server/brotli.go:68.50,73.39 4 19
digital.vasic.lava.apigo/internal/server/brotli.go:73.39,74.12 1 7
digital.vasic.lava.apigo/internal/server/brotli.go:76.3,76.46 1 12
digital.vasic.lava.apigo/internal/server/brotli.go:76.46,78.4 1 6
digital.vasic.lava.apigo/internal/server/brotli.go:79.3,79.14 1 6
digital.vasic.lava.apigo/internal/server/brotli.go:81.2,81.14 1 3
digital.vasic.lava.apigo/internal/server/brotli.go:86.35,87.47 1 8
digital.vasic.lava.apigo/internal/server/brotli.go:87.47,89.51 2 8
digital.vasic.lava.apigo/internal/server/brotli.go:89.51,90.12 1 0
digital.vasic.lava.apigo/internal/server/brotli.go:92.3,94.15 2 8
digital.vasic.lava.apigo/internal/server/brotli.go:94.15,96.4 1 2
digital.vasic.lava.apigo/internal/server/brotli.go:97.3,97.33 1 6
digital.vasic.lava.apigo/internal/server/brotli.go:97.33,100.28 3 5
digital.vasic.lava.apigo/internal/server/brotli.go:100.28,101.18 1 9
digital.vasic.lava.apigo/internal/server/brotli.go:101.18,103.11 2 1
digital.vasic.lava.apigo/internal/server/brotli.go:106.4,106.15 1 5
digital.vasic.lava.apigo/internal/server/brotli.go:106.15,108.5 1 4
digital.vasic.lava.apigo/internal/server/brotli.go:111.2,111.14 1 2
digital.vasic.lava.apigo/internal/server/brotli.go:126.53,128.2 1 1
digital.vasic.lava.apigo/internal/server/brotli.go:132.59,134.2 1 0
digital.vasic.lava.apigo/internal/server/brotli.go:143.38,144.9 1 0
digital.vasic.lava.apigo/internal/server/brotli.go:145.33,146.15 1 0
digital.vasic.lava.apigo/internal/server/brotli.go:147.36,148.15 1 0
digital.vasic.lava.apigo/internal/server/brotli.go:149.38,150.15 1 0
digital.vasic.lava.apigo/internal/server/brotli.go:151.10,152.14 1 0
digital.vasic.lava.apigo/internal/server/protocol_metric.go:46.75,49.39 3 2
digital.vasic.lava.apigo/internal/server/protocol_metric.go:49.39,51.3 1 0
digital.vasic.lava.apigo/internal/server/protocol_metric.go:52.2,61.10 4 2
digital.vasic.lava.apigo/internal/server/protocol_metric.go:73.91,74.14 1 3
digital.vasic.lava.apigo/internal/server/protocol_metric.go:74.14,75.31 1 1
digital.vasic.lava.apigo/internal/server/protocol_metric.go:75.31,75.43 1 5
digital.vasic.lava.apigo/internal/server/protocol_metric.go:77.2,77.16 1 2
digital.vasic.lava.apigo/internal/server/protocol_metric.go:77.16,79.3 1 0
digital.vasic.lava.apigo/internal/server/protocol_metric.go:80.2,81.30 2 2
digital.vasic.lava.apigo/internal/server/protocol_metric.go:81.30,86.3 4 2
digital.vasic.lava.apigo/internal/server/protocol_metric.go:93.41,94.9 1 9
digital.vasic.lava.apigo/internal/server/protocol_metric.go:95.42,96.14 1 3
digital.vasic.lava.apigo/internal/server/protocol_metric.go:97.42,98.14 1 2
digital.vasic.lava.apigo/internal/server/protocol_metric.go:99.10,100.14 1 4
digital.vasic.lava.apigo/internal/server/protocol_metric.go:108.35,109.20 1 12
digital.vasic.lava.apigo/internal/server/protocol_metric.go:110.9,111.15 1 2
digital.vasic.lava.apigo/internal/server/protocol_metric.go:112.9,113.15 1 3
digital.vasic.lava.apigo/internal/server/protocol_metric.go:114.9,115.15 1 1
digital.vasic.lava.apigo/internal/server/protocol_metric.go:116.9,117.15 1 2
digital.vasic.lava.apigo/internal/server/protocol_metric.go:118.9,119.15 1 3
digital.vasic.lava.apigo/internal/server/protocol_metric.go:120.10,121.19 1 1
digital.vasic.lava.apigo/internal/server/server.go:51.39,52.23 1 4
digital.vasic.lava.apigo/internal/server/server.go:52.23,54.3 1 0
digital.vasic.lava.apigo/internal/server/server.go:55.2,55.31 1 4
digital.vasic.lava.apigo/internal/server/server.go:55.31,57.3 1 0
digital.vasic.lava.apigo/internal/server/server.go:58.2,58.26 1 4
digital.vasic.lava.apigo/internal/server/server.go:58.26,60.3 1 1
digital.vasic.lava.apigo/internal/server/server.go:61.2,66.16 2 3
digital.vasic.lava.apigo/internal/server/server.go:66.16,68.3 1 0
digital.vasic.lava.apigo/internal/server/server.go:74.2,90.8 3 3
digital.vasic.lava.apigo/internal/server/server.go:98.32,102.12 2 3
digital.vasic.lava.apigo/internal/server/server.go:102.12,104.3 1 3
digital.vasic.lava.apigo/internal/server/server.go:107.2,107.12 1 3
digital.vasic.lava.apigo/internal/server/server.go:107.12,109.43 2 3
digital.vasic.lava.apigo/internal/server/server.go:109.43,111.4 1 3
digital.vasic.lava.apigo/internal/server/server.go:112.3,112.15 1 3
digital.vasic.lava.apigo/internal/server/server.go:116.2,116.12 1 3
digital.vasic.lava.apigo/internal/server/server.go:116.12,118.17 2 3
digital.vasic.lava.apigo/internal/server/server.go:118.17,121.4 2 0
digital.vasic.lava.apigo/internal/server/server.go:122.3,126.43 5 3
digital.vasic.lava.apigo/internal/server/server.go:126.43,128.4 1 3
digital.vasic.lava.apigo/internal/server/server.go:129.3,129.15 1 3
digital.vasic.lava.apigo/internal/server/server.go:132.2,132.16 1 3
digital.vasic.lava.apigo/internal/server/server.go:137.54,139.15 2 4
digital.vasic.lava.apigo/internal/server/server.go:139.15,142.3 2 1
digital.vasic.lava.apigo/internal/server/server.go:143.2,153.30 5 3
digital.vasic.lava.apigo/internal/server/server.go:157.32,157.55 1 1
digital.vasic.lava.apigo/internal/server/server.go:160.39,160.69 1 1
digital.vasic.lava.apigo/internal/storage/factory.go:30.62,31.28 1 1
digital.vasic.lava.apigo/internal/storage/factory.go:32.30,39.17 2 0
digital.vasic.lava.apigo/internal/storage/factory.go:39.17,41.4 1 0
digital.vasic.lava.apigo/internal/storage/factory.go:42.3,43.44 2 0
digital.vasic.lava.apigo/internal/storage/factory.go:43.44,44.52 1 0
digital.vasic.lava.apigo/internal/storage/factory.go:44.52,46.5 1 0
digital.vasic.lava.apigo/internal/storage/factory.go:47.4,47.14 1 0
digital.vasic.lava.apigo/internal/storage/factory.go:49.3,49.43 1 0
digital.vasic.lava.apigo/internal/storage/factory.go:51.28,53.17 2 1
digital.vasic.lava.apigo/internal/storage/factory.go:53.17,55.4 1 0
digital.vasic.lava.apigo/internal/storage/factory.go:56.3,56.44 1 1
digital.vasic.lava.apigo/internal/storage/factory.go:56.44,60.66 1 0
digital.vasic.lava.apigo/internal/storage/factory.go:60.66,62.5 1 0
digital.vasic.lava.apigo/internal/storage/factory.go:63.4,63.14 1 0
digital.vasic.lava.apigo/internal/storage/factory.go:65.3,65.23 1 1
digital.vasic.lava.apigo/internal/storage/factory.go:67.10,68.81 1 0
digital.vasic.lava.apigo/internal/storage/postgres.go:30.49,32.2 1 0
digital.vasic.lava.apigo/internal/storage/postgres.go:34.95,36.2 1 0
digital.vasic.lava.apigo/internal/storage/postgres.go:38.103,40.2 1 0
digital.vasic.lava.apigo/internal/storage/postgres.go:42.77,44.2 1 0
digital.vasic.lava.apigo/internal/storage/postgres.go:46.41,48.2 1 0
digital.vasic.lava.apigo/internal/storage/sqlite.go:58.46,60.2 1 6
digital.vasic.lava.apigo/internal/storage/sqlite.go:64.60,65.16 1 11
digital.vasic.lava.apigo/internal/storage/sqlite.go:65.16,67.3 1 0
digital.vasic.lava.apigo/internal/storage/sqlite.go:68.2,75.16 4 11
digital.vasic.lava.apigo/internal/storage/sqlite.go:75.16,77.3 1 0
digital.vasic.lava.apigo/internal/storage/sqlite.go:86.2,100.12 3 11
digital.vasic.lava.apigo/internal/storage/sqlite.go:100.12,101.82 1 11
digital.vasic.lava.apigo/internal/storage/sqlite.go:101.82,104.4 2 0
digital.vasic.lava.apigo/internal/storage/sqlite.go:105.3,105.58 1 11
digital.vasic.lava.apigo/internal/storage/sqlite.go:105.58,108.4 2 0
digital.vasic.lava.apigo/internal/storage/sqlite.go:111.2,111.65 1 11
digital.vasic.lava.apigo/internal/storage/sqlite.go:111.65,114.3 2 0
digital.vasic.lava.apigo/internal/storage/sqlite.go:119.2,119.12 1 11
digital.vasic.lava.apigo/internal/storage/sqlite.go:119.12,121.84 2 11
digital.vasic.lava.apigo/internal/storage/sqlite.go:121.84,124.4 2 0
digital.vasic.lava.apigo/internal/storage/sqlite.go:125.3,125.38 1 11
digital.vasic.lava.apigo/internal/storage/sqlite.go:125.38,128.4 2 0
digital.vasic.lava.apigo/internal/storage/sqlite.go:131.2,140.15 6 11
digital.vasic.lava.apigo/internal/storage/sqlite.go:145.37,147.2 1 11
digital.vasic.lava.apigo/internal/storage/sqlite.go:153.53,157.6 4 11
digital.vasic.lava.apigo/internal/storage/sqlite.go:157.6,158.10 1 11
digital.vasic.lava.apigo/internal/storage/sqlite.go:159.21,160.10 1 11
digital.vasic.lava.apigo/internal/storage/sqlite.go:161.19,162.30 1 0
digital.vasic.lava.apigo/internal/storage/sqlite.go:172.74,178.16 3 1
digital.vasic.lava.apigo/internal/storage/sqlite.go:178.16,180.3 1 0
digital.vasic.lava.apigo/internal/storage/sqlite.go:181.2,182.16 2 1
digital.vasic.lava.apigo/internal/storage/sqlite.go:182.16,184.3 1 0
digital.vasic.lava.apigo/internal/storage/sqlite.go:187.2,187.17 1 1
digital.vasic.lava.apigo/internal/storage/sqlite.go:187.17,189.3 1 1
digital.vasic.lava.apigo/internal/storage/sqlite.go:190.2,190.21 1 1
digital.vasic.lava.apigo/internal/storage/sqlite.go:201.93,209.35 4 11
digital.vasic.lava.apigo/internal/storage/sqlite.go:209.35,211.3 1 5
digital.vasic.lava.apigo/internal/storage/sqlite.go:212.2,212.16 1 6
digital.vasic.lava.apigo/internal/storage/sqlite.go:212.16,214.3 1 0
digital.vasic.lava.apigo/internal/storage/sqlite.go:215.2,215.18 1 6
digital.vasic.lava.apigo/internal/storage/sqlite.go:215.18,219.3 1 1
digital.vasic.lava.apigo/internal/storage/sqlite.go:220.2,220.37 1 6
digital.vasic.lava.apigo/internal/storage/sqlite.go:225.101,227.13 2 10
digital.vasic.lava.apigo/internal/storage/sqlite.go:227.13,229.3 1 9
digital.vasic.lava.apigo/internal/storage/sqlite.go:230.2,238.16 2 10
digital.vasic.lava.apigo/internal/storage/sqlite.go:238.16,240.3 1 0
digital.vasic.lava.apigo/internal/storage/sqlite.go:241.2,241.12 1 10
digital.vasic.lava.apigo/internal/storage/sqlite.go:245.75,247.16 2 1
digital.vasic.lava.apigo/internal/storage/sqlite.go:247.16,249.3 1 0
digital.vasic.lava.apigo/internal/storage/sqlite.go:250.2,250.12 1 1
digital.vasic.lava.apigo/internal/storage/sqlite.go:255.39,257.14 2 12
digital.vasic.lava.apigo/internal/storage/sqlite.go:257.14,260.3 2 1
digital.vasic.lava.apigo/internal/storage/sqlite.go:261.2,265.19 4 11
digital.vasic.lava.apigo/internal/storage/sqlite.go:265.19,267.3 1 11
digital.vasic.lava.apigo/internal/storage/sqlite.go:268.2,269.21 2 11
digital.vasic.lava.apigo/tests/integration/testenv/testenv.go:59.23,59.36 1 0
digital.vasic.lava.apigo/tests/integration/testenv/testenv.go:64.54,67.25 2 0
digital.vasic.lava.apigo/tests/integration/testenv/testenv.go:67.25,69.3 1 0
digital.vasic.lava.apigo/tests/integration/testenv/testenv.go:70.2,70.32 1 0
digital.vasic.lava.apigo/tests/integration/testenv/testenv.go:70.32,72.3 1 0
digital.vasic.lava.apigo/tests/integration/testenv/testenv.go:74.2,75.45 2 0
digital.vasic.lava.apigo/tests/integration/testenv/testenv.go:75.45,77.3 1 0
digital.vasic.lava.apigo/tests/integration/testenv/testenv.go:79.2,96.20 3 0
digital.vasic.lava.apigo/tests/integration/testenv/testenv.go:96.20,98.3 1 0
digital.vasic.lava.apigo/tests/integration/testenv/testenv.go:100.2,116.49 9 0
digital.vasic.lava.apigo/tests/integration/testenv/testenv.go:116.49,119.3 2 0
digital.vasic.lava.apigo/tests/integration/testenv/testenv.go:121.2,129.3 2 0
digital.vasic.lava.apigo/tests/integration/testenv/testenv.go:132.94,135.26 3 0
digital.vasic.lava.apigo/tests/integration/testenv/testenv.go:135.26,137.17 2 0
digital.vasic.lava.apigo/tests/integration/testenv/testenv.go:137.17,139.4 1 0
digital.vasic.lava.apigo/tests/integration/testenv/testenv.go:140.3,141.47 2 0
digital.vasic.lava.apigo/tests/integration/testenv/testenv.go:143.2,143.12 1 0
