<?xml version='1.0' encoding='UTF-8' ?>
<testsuite name="lava.app.challenges.Challenge41OnboardingSelectAllProvidersTest" tests="1" failures="0" errors="0" skipped="0" time="3.792" timestamp="2026-06-26T09:43:22" hostname="localhost">
  <properties>
    <property name="device" value="sdk_gphone64_x86_64 - 14" />
    <property name="flavor" value="" />
    <property name="project" value=":app" />
  </properties>
  <testcase name="tappingSelectAll_deselectsThenReselectsEveryProvider" classname="lava.app.challenges.Challenge41OnboardingSelectAllProvidersTest" time="3.073" />
</testsuite>