<?xml version='1.0' encoding='UTF-8' ?>
<testsuite name="lava.app.challenges.Challenge11ArchiveOrgAnonymousSearchTest" tests="1" failures="1" errors="0" skipped="0" time="15.613" timestamp="2026-06-25T14:38:22" hostname="localhost">
  <properties>
    <property name="device" value="sdk_gphone64_x86_64 - 14" />
    <property name="flavor" value="" />
    <property name="project" value=":app" />
  </properties>
  <testcase name="pickArchiveOrg_continue_thenSearch_rendersRealResultRow" classname="lava.app.challenges.Challenge11ArchiveOrgAnonymousSearchTest" time="4.377">
    <failure>java.lang.IllegalStateException: State must be at least 'CREATED' to be moved to 'DESTROYED' in component NavBackStackEntry(a86b9114-7272-48e3-9c03-dd1ab108f07c) destination=Destination(0xe36e02dd) route=search/search_input?query={query}&amp;categories={categories}&amp;author_name={author_name}&amp;author_id={author_id}&amp;sort={sort}&amp;order={order}&amp;period={period}
at androidx.lifecycle.LifecycleRegistryKt.checkLifecycleStateTransition(LifecycleRegistry.kt:92)
at androidx.lifecycle.LifecycleRegistry.moveToState(LifecycleRegistry.jvm.kt:126)
at androidx.lifecycle.LifecycleRegistry.setCurrentState(LifecycleRegistry.jvm.kt:102)
at androidx.navigation.internal.NavBackStackEntryImpl.updateState$navigation_common_release(NavBackStackEntryImpl.kt:107)
at androidx.navigation.internal.NavBackStackEntryImpl.handleLifecycleEvent$navigation_common_release(NavBackStackEntryImpl.kt:92)
at androidx.navigation.NavBackStackEntry.handleLifecycleEvent(NavBackStackEntry.android.kt:116)
at androidx.navigation.internal.NavControllerImpl.lifecycleObserver$lambda$1(NavControllerImpl.kt:153)
at androidx.navigation.internal.NavControllerImpl.$r8$lambda$NoxMp6GNHB-Ld29Z6h5JLrOHxiQ(Unknown Source:0)
at androidx.navigation.internal.NavControllerImpl$$ExternalSyntheticLambda8.onStateChanged(D8$$SyntheticClass:0)
at androidx.lifecycle.LifecycleRegistry$ObserverWithState.dispatchEvent(LifecycleRegistry.jvm.kt:313)
at androidx.lifecycle.LifecycleRegistry.backwardPass(LifecycleRegistry.jvm.kt:266)
at androidx.lifecycle.LifecycleRegistry.sync(LifecycleRegistry.jvm.kt:284)
at androidx.lifecycle.LifecycleRegistry.moveToState(LifecycleRegistry.jvm.kt:135)
at androidx.lifecycle.LifecycleRegistry.handleLifecycleEvent(LifecycleRegistry.jvm.kt:119)
at androidx.lifecycle.ReportFragment$Companion.dispatch$lifecycle_runtime_release(ReportFragment.android.kt:181)
at androidx.lifecycle.ReportFragment$LifecycleCallbacks.onActivityPreDestroyed(ReportFragment.android.kt:137)
at android.app.Activity.dispatchActivityPreDestroyed(Activity.java:1602)
at android.app.Activity.performDestroy(Activity.java:8871)
at android.app.Instrumentation.callActivityOnDestroy(Instrumentation.java:1491)
at androidx.test.runner.MonitoringInstrumentation.callActivityOnDestroy(MonitoringInstrumentation.java:753)
at android.app.ActivityThread.performDestroyActivity(ActivityThread.java:5600)
at android.app.ActivityThread.handleDestroyActivity(ActivityThread.java:5645)
at android.app.servertransaction.DestroyActivityItem.execute(DestroyActivityItem.java:47)
at android.app.servertransaction.ActivityTransactionItem.execute(ActivityTransactionItem.java:45)
at android.app.servertransaction.TransactionExecutor.executeLifecycleState(TransactionExecutor.java:180)
at android.app.servertransaction.TransactionExecutor.execute(TransactionExecutor.java:98)
at android.app.ActivityThread$H.handleMessage(ActivityThread.java:2443)
at android.os.Handler.dispatchMessage(Handler.java:106)
at android.os.Looper.loopOnce(Looper.java:205)
at android.os.Looper.loop(Looper.java:294)
at android.app.ActivityThread.main(ActivityThread.java:8177)
at java.lang.reflect.Method.invoke(Native Method)
at com.android.internal.os.RuntimeInit$MethodAndArgsCaller.run(RuntimeInit.java:552)
at com.android.internal.os.ZygoteInit.main(ZygoteInit.java:971)
</failure>
  </testcase>
  <system-err>Test run failed to complete. Instrumentation run failed due to Process crashed.
Logcat of last crash: 
Process: digital.vasic.lava.client.dev, PID: 5922
java.lang.RuntimeException: Unable to destroy activity {digital.vasic.lava.client.dev/digital.vasic.lava.client.MainActivity}: java.lang.IllegalStateException: State must be at least 'CREATED' to be moved to 'DESTROYED' in component NavBackStackEntry(a86b9114-7272-48e3-9c03-dd1ab108f07c) destination=Destination(0xe36e02dd) route=search/search_input?query={query}&amp;categories={categories}&amp;author_name={author_name}&amp;author_id={author_id}&amp;sort={sort}&amp;order={order}&amp;period={period}
	at android.app.ActivityThread.performDestroyActivity(ActivityThread.java:5613)
	at android.app.ActivityThread.handleDestroyActivity(ActivityThread.java:5645)
	at android.app.servertransaction.DestroyActivityItem.execute(DestroyActivityItem.java:47)
	at android.app.servertransaction.ActivityTransactionItem.execute(ActivityTransactionItem.java:45)
	at android.app.servertransaction.TransactionExecutor.executeLifecycleState(TransactionExecutor.java:180)
	at android.app.servertransaction.TransactionExecutor.execute(TransactionExecutor.java:98)
	at android.app.ActivityThread$H.handleMessage(ActivityThread.java:2443)
	at android.os.Handler.dispatchMessage(Handler.java:106)
	at android.os.Looper.loopOnce(Looper.java:205)
	at android.os.Looper.loop(Looper.java:294)
	at android.app.ActivityThread.main(ActivityThread.java:8177)
	at java.lang.reflect.Method.invoke(Native Method)
	at com.android.internal.os.RuntimeInit$MethodAndArgsCaller.run(RuntimeInit.java:552)
	at com.android.internal.os.ZygoteInit.main(ZygoteInit.java:971)
Caused by: java.lang.IllegalStateException: State must be at least 'CREATED' to be moved to 'DESTROYED' in component NavBackStackEntry(a86b9114-7272-48e3-9c03-dd1ab108f07c) destination=Destination(0xe36e02dd) route=search/search_input?query={query}&amp;categories={categories}&amp;author_name={author_name}&amp;author_id={author_id}&amp;sort={sort}&amp;order={order}&amp;period={period}
	at androidx.lifecycle.LifecycleRegistryKt.checkLifecycleStateTransition(LifecycleRegistry.kt:92)
	at androidx.lifecycle.LifecycleRegistry.moveToState(LifecycleRegistry.jvm.kt:126)
	at androidx.lifecycle.LifecycleRegistry.setCurrentState(LifecycleRegistry.jvm.kt:102)
	at androidx.navigation.internal.NavBackStackEntryImpl.updateState$navigation_common_release(NavBackStackEntryImpl.kt:107)
	at androidx.navigation.internal.NavBackStackEntryImpl.handleLifecycleEvent$navigation_common_release(NavBackStackEntryImpl.kt:92)
	at androidx.navigation.NavBackStackEntry.handleLifecycleEvent(NavBackStackEntry.android.kt:116)
	at androidx.navigation.internal.NavControllerImpl.lifecycleObserver$lambda$1(NavControllerImpl.kt:153)
	at androidx.navigation.internal.NavControllerImpl.$r8$lambda$NoxMp6GNHB-Ld29Z6h5JLrOHxiQ(Unknown Source:0)
	at androidx.navigation.internal.NavControllerImpl$$ExternalSyntheticLambda8.onStateChanged(D8$$SyntheticClass:0)
	at androidx.lifecycle.LifecycleRegistry$ObserverWithState.dispatchEvent(LifecycleRegistry.jvm.kt:313)
	at androidx.lifecycle.LifecycleRegistry.backwardPass(LifecycleRegistry.jvm.kt:266)
	at androidx.lifecycle.LifecycleRegistry.sync(LifecycleRegistry.jvm.kt:284)
	at androidx.lifecycle.LifecycleRegistry.moveToState(LifecycleRegistry.jvm.kt:135)
	at androidx.lifecycle.LifecycleRegistry.handleLifecycleEvent(LifecycleRegistry.jvm.kt:119)
	at androidx.lifecycle.ReportFragment$Companion.dispatch$lifecycle_runtime_release(ReportFragment.android.kt:181)
	at androidx.lifecycle.ReportFragment$LifecycleCallbacks.onActivityPreDestroyed(ReportFragment.android.kt:137)
	at android.app.Activity.dispatchActivityPreDestroyed(Activity.java:1602)
	at android.app.Activity.performDestroy(Activity.java:8871)
	at android.app.Instrumentation.callActivityOnDestroy(Instrumentation.java:1491)
	at androidx.test.runner.MonitoringInstrumentation.callActivityOnDestroy(MonitoringInstrumentation.java:753)
	at android.app.ActivityThread.performDestroyActivity(ActivityThread.java:5600)
	... 13 more

</system-err>
</testsuite>