<?xml version='1.0' encoding='UTF-8' ?>
<testsuite name="lava.app.challenges.Challenge01AppLaunchAndTrackerSelectionTest" tests="1" failures="0" errors="0" skipped="0" time="4.722" timestamp="2026-06-25T16:45:22" hostname="localhost">
  <properties>
    <property name="device" value="sdk_gphone64_x86_64 - 14" />
    <property name="flavor" value="" />
    <property name="project" value=":app" />
  </properties>
  <testcase name="appLaunches_menuTab_showsExpectedSettingsEntries" classname="lava.app.challenges.Challenge01AppLaunchAndTrackerSelectionTest" time="4.025" />
</testsuite>