<?xml version='1.0' encoding='UTF-8' ?>
<testsuite name="lava.app.challenges.Challenge01AppLaunchAndTrackerSelectionTest" tests="1" failures="0" errors="0" skipped="0" time="5.617" timestamp="2026-05-05T13:36:05" hostname="localhost">
  <properties>
    <property name="device" value="Android SDK built for x86_64 - 9" />
    <property name="flavor" value="" />
    <property name="project" value=":app" />
  </properties>
  <testcase name="appLaunches_menuTab_showsExpectedSettingsEntries" classname="lava.app.challenges.Challenge01AppLaunchAndTrackerSelectionTest" time="4.146" />
</testsuite>