<?xml version='1.0' encoding='UTF-8' ?>
<testsuite name="lava.app.challenges.Challenge00CrashSurvivalTest" tests="1" failures="0" errors="0" skipped="0" time="4.07" timestamp="2026-06-06T17:19:46" hostname="localhost">
  <properties>
    <property name="device" value="Pixel 9 - 15" />
    <property name="flavor" value="" />
    <property name="project" value=":app" />
  </properties>
  <testcase name="continueOnArchiveOrg_persists_signaledAuthState_to_disk" classname="lava.app.challenges.Challenge00CrashSurvivalTest" time="3.527" />
</testsuite>