<?xml version='1.0' encoding='UTF-8' ?>
<testsuite name="lava.app.challenges.Challenge11ArchiveOrgAnonymousSearchTest" tests="1" failures="1" errors="0" skipped="0" time="3.366" timestamp="2026-06-25T16:44:08" hostname="localhost">
  <properties>
    <property name="device" value="sdk_gphone64_x86_64 - 14" />
    <property name="flavor" value="" />
    <property name="project" value=":app" />
  </properties>
  <testcase name="pickArchiveOrg_continue_thenSearch_rendersRealResultRow" classname="lava.app.challenges.Challenge11ArchiveOrgAnonymousSearchTest" time="2.745">
    <failure>java.lang.RuntimeException: java.util.concurrent.ExecutionException: java.lang.IllegalArgumentException: Detected multithreaded access to SnapshotStateObserver: previousThreadId=99), currentThread={id=2, name=main}. Note that observation on multiple threads in layout/draw is not supported. Make sure your measure/layout/draw for each Owner (AndroidComposeView) is executed on the same thread.
at androidx.test.espresso.Espresso.onIdle(Espresso.java:357)
at androidx.test.espresso.Espresso.onIdle(Espresso.java:378)
at androidx.compose.ui.test.EspressoLink_androidKt.runEspressoOnIdle(EspressoLink.android.kt:88)
at androidx.compose.ui.test.EspressoLink.runUntilIdle(EspressoLink.android.kt:82)
at androidx.compose.ui.test.AndroidComposeUiTestEnvironment.waitForIdle(ComposeUiTest.android.kt:383)
at androidx.compose.ui.test.AndroidComposeUiTestEnvironment.access$waitForIdle(ComposeUiTest.android.kt:235)
at androidx.compose.ui.test.AndroidComposeUiTestEnvironment$AndroidTestOwner.getRoots(ComposeUiTest.android.kt:603)
at androidx.compose.ui.test.TestOwnerKt.getAllSemanticsNodes(TestOwner.kt:81)
at androidx.compose.ui.test.TestOwnerKt.getAllSemanticsNodes$default(TestOwner.kt:74)
at androidx.compose.ui.test.SemanticsNodeInteractionCollection.fetchSemanticsNodes(SemanticsNodeInteraction.kt:249)
at androidx.compose.ui.test.SemanticsNodeInteractionCollection.fetchSemanticsNodes$default(SemanticsNodeInteraction.kt:245)
at lava.app.challenges.Challenge11ArchiveOrgAnonymousSearchTest.pickArchiveOrg_continue_thenSearch_rendersRealResultRow$lambda$0(Challenge11ArchiveOrgAnonymousSearchTest.kt:118)
at lava.app.challenges.Challenge11ArchiveOrgAnonymousSearchTest.$r8$lambda$hnzsZpzbQe8C3ms82FXm0u3Cdw0(Unknown Source:0)
at lava.app.challenges.Challenge11ArchiveOrgAnonymousSearchTest$$ExternalSyntheticLambda0.invoke(D8$$SyntheticClass:0)
at androidx.compose.ui.test.AndroidComposeUiTestEnvironment$AndroidComposeUiTestImpl.waitUntil(ComposeUiTest.android.kt:497)
at androidx.compose.ui.test.junit4.AndroidComposeTestRule.waitUntil(AndroidComposeTestRule.android.kt:339)
at lava.app.challenges.Challenge11ArchiveOrgAnonymousSearchTest.pickArchiveOrg_continue_thenSearch_rendersRealResultRow(Challenge11ArchiveOrgAnonymousSearchTest.kt:117)
... 54 trimmed
Caused by: java.util.concurrent.ExecutionException: java.lang.IllegalArgumentException: Detected multithreaded access to SnapshotStateObserver: previousThreadId=99), currentThread={id=2, name=main}. Note that observation on multiple threads in layout/draw is not supported. Make sure your measure/layout/draw for each Owner (AndroidComposeView) is executed on the same thread.
at java.util.concurrent.FutureTask.report(FutureTask.java:122)
at java.util.concurrent.FutureTask.get(FutureTask.java:191)
at androidx.test.espresso.Espresso.onIdle(Espresso.java:349)
... 71 more
Caused by: java.lang.IllegalArgumentException: Detected multithreaded access to SnapshotStateObserver: previousThreadId=99), currentThread={id=2, name=main}. Note that observation on multiple threads in layout/draw is not supported. Make sure your measure/layout/draw for each Owner (AndroidComposeView) is executed on the same thread.
at androidx.compose.runtime.PreconditionsKt.throwIllegalArgumentException(Preconditions.kt:26)
at androidx.compose.runtime.snapshots.SnapshotStateObserver.observeReads(SnapshotStateObserver.kt:649)
at androidx.compose.ui.node.OwnerSnapshotObserver.observeReads$ui_release(OwnerSnapshotObserver.kt:124)
at androidx.compose.ui.node.NodeCoordinator$drawBlock$1.invoke(NodeCoordinator.kt:480)
at androidx.compose.ui.node.NodeCoordinator$drawBlock$1.invoke(NodeCoordinator.kt:476)
at androidx.compose.ui.platform.GraphicsLayerOwnerLayer$recordLambda$1.invoke(GraphicsLayerOwnerLayer.android.kt:261)
at androidx.compose.ui.platform.GraphicsLayerOwnerLayer$recordLambda$1.invoke(GraphicsLayerOwnerLayer.android.kt:259)
at androidx.compose.ui.graphics.layer.GraphicsLayer.drawWithChildTracking(AndroidGraphicsLayer.android.kt:443)
at androidx.compose.ui.graphics.layer.GraphicsLayer.access$drawWithChildTracking(AndroidGraphicsLayer.android.kt:56)
at androidx.compose.ui.graphics.layer.GraphicsLayer$clipDrawBlock$1.invoke(AndroidGraphicsLayer.android.kt:73)
at androidx.compose.ui.graphics.layer.GraphicsLayer$clipDrawBlock$1.invoke(AndroidGraphicsLayer.android.kt:68)
at androidx.compose.ui.graphics.layer.GraphicsLayerV29.record(GraphicsLayerV29.android.kt:251)
at androidx.compose.ui.graphics.layer.GraphicsLayer.recordInternal(AndroidGraphicsLayer.android.kt:436)
at androidx.compose.ui.graphics.layer.GraphicsLayer.record-mL-hObY(AndroidGraphicsLayer.android.kt:432)
at androidx.compose.ui.platform.GraphicsLayerOwnerLayer.updateDisplayList(GraphicsLayerOwnerLayer.android.kt:254)
at androidx.compose.ui.platform.AndroidComposeView.dispatchDraw(AndroidComposeView.android.kt:1913)
at android.view.View.draw(View.java:23892)
at android.view.View.updateDisplayListIfDirty(View.java:22756)
at android.view.ViewGroup.recreateChildDisplayList(ViewGroup.java:4540)
at android.view.ViewGroup.dispatchGetDisplayList(ViewGroup.java:4513)
at android.view.View.updateDisplayListIfDirty(View.java:22712)
at android.view.ViewGroup.recreateChildDisplayList(ViewGroup.java:4540)
at android.view.ViewGroup.dispatchGetDisplayList(ViewGroup.java:4513)
at android.view.View.updateDisplayListIfDirty(View.java:22712)
at android.view.ViewGroup.recreateChildDisplayList(ViewGroup.java:4540)
at android.view.ViewGroup.dispatchGetDisplayList(ViewGroup.java:4513)
at android.view.View.updateDisplayListIfDirty(View.java:22712)
at android.view.ViewGroup.recreateChildDisplayList(ViewGroup.java:4540)
at android.view.ViewGroup.dispatchGetDisplayList(ViewGroup.java:4513)
at android.view.View.updateDisplayListIfDirty(View.java:22712)
at android.view.ThreadedRenderer.updateViewTreeDisplayList(ThreadedRenderer.java:694)
at android.view.ThreadedRenderer.updateRootDisplayList(ThreadedRenderer.java:700)
at android.view.ThreadedRenderer.draw(ThreadedRenderer.java:798)
at android.view.ViewRootImpl.draw(ViewRootImpl.java:4939)
at android.view.ViewRootImpl.performDraw(ViewRootImpl.java:4643)
at android.view.ViewRootImpl.performTraversals(ViewRootImpl.java:3822)
at android.view.ViewRootImpl.doTraversal(ViewRootImpl.java:2465)
at android.view.ViewRootImpl$TraversalRunnable.run(ViewRootImpl.java:9305)
at android.view.Choreographer$CallbackRecord.run(Choreographer.java:1339)
at android.view.Choreographer$CallbackRecord.run(Choreographer.java:1348)
at android.view.Choreographer.doCallbacks(Choreographer.java:952)
at android.view.Choreographer.doFrame(Choreographer.java:882)
at android.view.Choreographer$FrameDisplayEventReceiver.run(Choreographer.java:1322)
at android.os.Handler.handleCallback(Handler.java:958)
at android.os.Handler.dispatchMessage(Handler.java:99)
at androidx.test.espresso.base.TestLooperManagerCompat.execute(TestLooperManagerCompat.java:121)
at androidx.test.espresso.base.Interrogator.loopAndInterrogate(Interrogator.java:128)
at androidx.test.espresso.base.UiControllerImpl.loopUntil(UiControllerImpl.java:513)
at androidx.test.espresso.base.UiControllerImpl.loopMainThreadUntilIdle(UiControllerImpl.java:434)
at androidx.test.espresso.Espresso.lambda$onIdle$2(Espresso.java:340)
at androidx.test.espresso.Espresso$$ExternalSyntheticLambda1.call(D8$$SyntheticClass:0)
at java.util.concurrent.FutureTask.run(FutureTask.java:264)
at android.os.Handler.handleCallback(Handler.java:958)
at android.os.Handler.dispatchMessage(Handler.java:99)
at android.os.Looper.loopOnce(Looper.java:205)
at android.os.Looper.loop(Looper.java:294)
at android.app.ActivityThread.main(ActivityThread.java:8177)
at java.lang.reflect.Method.invoke(Native Method)
at com.android.internal.os.RuntimeInit$MethodAndArgsCaller.run(RuntimeInit.java:552)
at com.android.internal.os.ZygoteInit.main(ZygoteInit.java:971)
</failure>
  </testcase>
</testsuite>